Using pre-set license
Built from '2021.2/staging' branch; Version is '2021.2.10f1 (ee872746220e) revision 15632167'; Using compiler version '192829333'; Build Type 'Release'
OS: 'Windows 10  (10.0.19044) 64bit Core' Language: 'en' Physical Memory: 16284 MB
BatchMode: 1, IsHumanControllingUs: 0, StartBugReporterOnCrash: 0, Is64bit: 1, IsPro: 0

COMMAND LINE ARGUMENTS:
E:\Unity Editors\2021.2.10f1\Editor\Unity.exe
-adb2
-batchMode
-noUpm
-name
AssetImportWorker1
-projectPath
F:/BitSpark Entertainment/Crusade Tracker/Crusade Tracker
-logFile
Logs/AssetImportWorker1.log
-srvPort
1128
Successfully changed project path to: F:/BitSpark Entertainment/Crusade Tracker/Crusade Tracker
F:/BitSpark Entertainment/Crusade Tracker/Crusade Tracker
[UnityMemory] Configuration Parameters - Can be set up in boot.config
    "memorysetup-bucket-allocator-granularity=16"
    "memorysetup-bucket-allocator-bucket-count=8"
    "memorysetup-bucket-allocator-block-size=33554432"
    "memorysetup-bucket-allocator-block-count=8"
    "memorysetup-main-allocator-block-size=16777216"
    "memorysetup-thread-allocator-block-size=16777216"
    "memorysetup-gfx-main-allocator-block-size=16777216"
    "memorysetup-gfx-thread-allocator-block-size=16777216"
    "memorysetup-cache-allocator-block-size=4194304"
    "memorysetup-typetree-allocator-block-size=2097152"
    "memorysetup-profiler-bucket-allocator-granularity=16"
    "memorysetup-profiler-bucket-allocator-bucket-count=8"
    "memorysetup-profiler-bucket-allocator-block-size=33554432"
    "memorysetup-profiler-bucket-allocator-block-count=8"
    "memorysetup-profiler-allocator-block-size=16777216"
    "memorysetup-profiler-editor-allocator-block-size=1048576"
    "memorysetup-temp-allocator-size-main=16777216"
    "memorysetup-job-temp-allocator-block-size=2097152"
    "memorysetup-job-temp-allocator-block-size-background=1048576"
    "memorysetup-job-temp-allocator-reduction-small-platforms=262144"
    "memorysetup-temp-allocator-size-background-worker=32768"
    "memorysetup-temp-allocator-size-job-worker=262144"
    "memorysetup-temp-allocator-size-preload-manager=33554432"
    "memorysetup-temp-allocator-size-nav-mesh-worker=65536"
    "memorysetup-temp-allocator-size-audio-worker=65536"
    "memorysetup-temp-allocator-size-cloud-worker=32768"
    "memorysetup-temp-allocator-size-gi-baking-worker=262144"
    "memorysetup-temp-allocator-size-gfx=262144"
Refreshing native plugins compatible for Editor in 195.50 ms, found 4 plugins.
Preloading 0 native plugins for Editor in 0.00 ms.
Initialize engine version: 2021.2.10f1 (ee872746220e)
[Subsystems] Discovering subsystems at path E:/Unity Editors/2021.2.10f1/Editor/Data/Resources/UnitySubsystems
[Subsystems] Discovering subsystems at path F:/BitSpark Entertainment/Crusade Tracker/Crusade Tracker/Assets
GfxDevice: creating device client; threaded=0; jobified=0
Direct3D:
    Version:  Direct3D 11.0 [level 11.1]
    Renderer: NVIDIA GeForce GTX 1060 6GB (ID=0x1c03)
    Vendor:   NVIDIA
    VRAM:     6052 MB
    Driver:   27.21.14.6627
Initialize mono
Mono path[0] = 'E:/Unity Editors/2021.2.10f1/Editor/Data/Managed'
Mono path[1] = 'E:/Unity Editors/2021.2.10f1/Editor/Data/MonoBleedingEdge/lib/mono/unityjit-win32'
Mono config path = 'E:/Unity Editors/2021.2.10f1/Editor/Data/MonoBleedingEdge/etc'
Using monoOptions --debugger-agent=transport=dt_socket,embedding=1,server=y,suspend=n,address=127.0.0.1:56756
Begin MonoManager ReloadAssembly
Registering precompiled unity dll's ...
Register platform support module: E:/Unity Editors/2021.2.10f1/Editor/Data/PlaybackEngines/WindowsStandaloneSupport/UnityEditor.WindowsStandalone.Extensions.dll
Registered in 0.006216 seconds.
Native extension for WindowsStandalone target not found
Refreshing native plugins compatible for Editor in 180.44 ms, found 4 plugins.
Preloading 0 native plugins for Editor in 0.00 ms.
Mono: successfully reloaded assembly
- Completed reload, in  1.314 seconds
Domain Reload Profiling:
	ReloadAssembly (1315ms)
		BeginReloadAssembly (152ms)
			ExecutionOrderSort (0ms)
			DisableScriptedObjects (0ms)
			BackupInstance (0ms)
			ReleaseScriptingObjects (0ms)
			CreateAndSetChildDomain (2ms)
		EndReloadAssembly (1005ms)
			LoadAssemblies (149ms)
			RebuildTransferFunctionScriptingTraits (0ms)
			SetupTypeCache (237ms)
			ReleaseScriptCaches (0ms)
			RebuildScriptCaches (67ms)
			SetupLoadedEditorAssemblies (591ms)
				LogAssemblyErrors (0ms)
				InitializePlatformSupportModulesInManaged (28ms)
				SetLoadedEditorAssemblies (0ms)
				RefreshPlugins (181ms)
				BeforeProcessingInitializeOnLoad (3ms)
				ProcessInitializeOnLoadAttributes (284ms)
				ProcessInitializeOnLoadMethodAttributes (95ms)
				AfterProcessingInitializeOnLoad (0ms)
				EditorAssembliesLoaded (0ms)
			ExecutionOrderSort2 (0ms)
			AwakeInstancesAfterBackupRestoration (0ms)
Platform modules already initialized, skipping
Registering precompiled user dll's ...
Registered in 0.014084 seconds.
Begin MonoManager ReloadAssembly
Symbol file LoadedFromMemory doesn't match image F:\BitSpark Entertainment\Crusade Tracker\Crusade Tracker\Library\PackageCache\com.unity.visualscripting@1.7.6\Editor\VisualScripting.Core\Dependencies\YamlDotNet\Unity.VisualScripting.YamlDotNet.dll
Symbol file LoadedFromMemory doesn't match image F:\BitSpark Entertainment\Crusade Tracker\Crusade Tracker\Library\PackageCache\com.unity.visualscripting@1.7.6\Editor\VisualScripting.Core\Dependencies\DotNetZip\Unity.VisualScripting.IonicZip.dll
Native extension for WindowsStandalone target not found
Refreshing native plugins compatible for Editor in 234.33 ms, found 4 plugins.
Preloading 0 native plugins for Editor in 0.00 ms.
Mono: successfully reloaded assembly
- Completed reload, in  4.357 seconds
Domain Reload Profiling:
	ReloadAssembly (4359ms)
		BeginReloadAssembly (244ms)
			ExecutionOrderSort (0ms)
			DisableScriptedObjects (14ms)
			BackupInstance (0ms)
			ReleaseScriptingObjects (0ms)
			CreateAndSetChildDomain (39ms)
		EndReloadAssembly (3896ms)
			LoadAssemblies (191ms)
			RebuildTransferFunctionScriptingTraits (0ms)
			SetupTypeCache (796ms)
			ReleaseScriptCaches (1ms)
			RebuildScriptCaches (191ms)
			SetupLoadedEditorAssemblies (2588ms)
				LogAssemblyErrors (0ms)
				InitializePlatformSupportModulesInManaged (31ms)
				SetLoadedEditorAssemblies (0ms)
				RefreshPlugins (234ms)
				BeforeProcessingInitializeOnLoad (202ms)
				ProcessInitializeOnLoadAttributes (2034ms)
				ProcessInitializeOnLoadMethodAttributes (80ms)
				AfterProcessingInitializeOnLoad (6ms)
				EditorAssembliesLoaded (0ms)
			ExecutionOrderSort2 (0ms)
			AwakeInstancesAfterBackupRestoration (13ms)
Platform modules already initialized, skipping
========================================================================
Worker process is ready to serve import requests
Launched and connected shader compiler UnityShaderCompiler.exe after 0.21 seconds
Refreshing native plugins compatible for Editor in 1.28 ms, found 4 plugins.
Preloading 0 native plugins for Editor in 0.00 ms.
Unloading 3962 Unused Serialized files (Serialized files now loaded: 0)
Unloading 43 unused Assets / (225.4 KB). Loaded Objects now: 4412.
Memory consumption went from 150.7 MB to 150.5 MB.
Total: 7.122300 ms (FindLiveObjects: 0.556300 ms CreateObjectMapping: 0.257500 ms MarkObjects: 5.985900 ms  DeleteObjects: 0.320600 ms)

AssetImportParameters requested are different than current active one (requested -> active):
  custom:video-decoder-ogg-theora: a1e56fd34408186e4bbccfd4996cb3dc -> 
  custom:container-muxer-webm: aa71ff27fc2769a1b78a27578f13a17b -> 
  custom:container-demuxer-webm: 4f35f7cbe854078d1ac9338744f61a02 -> 
  custom:video-encoder-webm-vp8: eb34c28f22e8b96e1ab97ce403110664 -> 
  custom:video-codec-MediaFoundation-h265: 746d11721c4dcdbdad8f713fa42b33f4 -> 
  custom:audio-encoder-webm-vorbis: bf7c407c2cedff20999df2af8eb42d56 -> 
  custom:framework-win-MediaFoundation: 216162199b28c13a410421893ffa2e32 -> 
  custom:container-demuxer-ogg: 62fdf1f143b41e24485cea50d1cbac27 -> 
  custom:video-decoder-webm-vp8: 9c59270c3fd7afecdb556c50c9e8de78 -> 
  custom:audio-decoder-ogg-vorbis: bf7c407c2cedff20999df2af8eb42d56 -> 
========================================================================
Received Import Request.
  Time since last request: 345819.177833 seconds.
  path: Assets/External Assets/Wenrexa/2. More UI Hologram Interface Wenrexa/Button Icon/Icon Button Close Hover.png
  artifactKey: Guid(4c77ef7da090929428b2c8f1c29d47d2) Importer(815301076,1909f56bfc062723c751e8b465ee728b)
Start importing Assets/External Assets/Wenrexa/2. More UI Hologram Interface Wenrexa/Button Icon/Icon Button Close Hover.png using Guid(4c77ef7da090929428b2c8f1c29d47d2) Importer(815301076,1909f56bfc062723c751e8b465ee728b)  -> (artifact id: '7dd5d2ba254082d5538de6fa00ec84e3') in 0.277166 seconds 
========================================================================
Received Import Request.
  Time since last request: 0.000049 seconds.
  path: Assets/External Assets/Wenrexa/1. Free Hologram Interface Wenrexa/1. Free Hologram Interface Wenrexa/PUT A RATING!.jpg
  artifactKey: Guid(645c87f30517a254f807c00502816e81) Importer(815301076,1909f56bfc062723c751e8b465ee728b)
Start importing Assets/External Assets/Wenrexa/1. Free Hologram Interface Wenrexa/1. Free Hologram Interface Wenrexa/PUT A RATING!.jpg using Guid(645c87f30517a254f807c00502816e81) Importer(815301076,1909f56bfc062723c751e8b465ee728b)  -> (artifact id: '4c5553ce3639ebe0d4d62a19cb194cd0') in 0.095579 seconds 
========================================================================
Received Import Request.
  Time since last request: 0.000050 seconds.
  path: Assets/External Assets/Wenrexa/2. More UI Hologram Interface Wenrexa/ProgressBar/ProgressBar Background.png
  artifactKey: Guid(a1b5f0f382531974398ba3b0489c6347) Importer(815301076,1909f56bfc062723c751e8b465ee728b)
Start importing Assets/External Assets/Wenrexa/2. More UI Hologram Interface Wenrexa/ProgressBar/ProgressBar Background.png using Guid(a1b5f0f382531974398ba3b0489c6347) Importer(815301076,1909f56bfc062723c751e8b465ee728b)  -> (artifact id: 'f0ceb8f6ea0d184b6c94b2c9d68e7bc3') in 0.048352 seconds 
========================================================================
Received Import Request.
  Time since last request: 0.000043 seconds.
  path: Assets/External Assets/Wenrexa/2. More UI Hologram Interface Wenrexa/Card X4/Panel Border 2.png
  artifactKey: Guid(bec70f9da9ee7824199d790d8b1ad7c4) Importer(815301076,1909f56bfc062723c751e8b465ee728b)
Start importing Assets/External Assets/Wenrexa/2. More UI Hologram Interface Wenrexa/Card X4/Panel Border 2.png using Guid(bec70f9da9ee7824199d790d8b1ad7c4) Importer(815301076,1909f56bfc062723c751e8b465ee728b)  -> (artifact id: 'b9c884cee40720b2afa1d344bc96320d') in 0.077889 seconds 
========================================================================
Received Import Request.
  Time since last request: 0.000036 seconds.
  path: Assets/External Assets/Wenrexa/1. Free Hologram Interface Wenrexa/1. Free Hologram Interface Wenrexa/Card X1/Panel Empty.png
  artifactKey: Guid(5d52880c45a4a814d9051f09e4f60b19) Importer(815301076,1909f56bfc062723c751e8b465ee728b)
Start importing Assets/External Assets/Wenrexa/1. Free Hologram Interface Wenrexa/1. Free Hologram Interface Wenrexa/Card X1/Panel Empty.png using Guid(5d52880c45a4a814d9051f09e4f60b19) Importer(815301076,1909f56bfc062723c751e8b465ee728b)  -> (artifact id: 'a73f308a063dad6800aedca2c85a1283') in 0.042286 seconds 
========================================================================
Received Import Request.
  Time since last request: 0.000040 seconds.
  path: Assets/External Assets/Wenrexa/2. More UI Hologram Interface Wenrexa/Card X4/Panel Border 1.png
  artifactKey: Guid(0eefe17c91ef84c42bcd5b2f3b0b4151) Importer(815301076,1909f56bfc062723c751e8b465ee728b)
Start importing Assets/External Assets/Wenrexa/2. More UI Hologram Interface Wenrexa/Card X4/Panel Border 1.png using Guid(0eefe17c91ef84c42bcd5b2f3b0b4151) Importer(815301076,1909f56bfc062723c751e8b465ee728b)  -> (artifact id: '5549fd72f14f6d0982e453153e46d68e') in 0.067665 seconds 
========================================================================
Received Import Request.
  Time since last request: 0.000055 seconds.
  path: Assets/External Assets/Wenrexa/2. More UI Hologram Interface Wenrexa/SliderBar 1/Slider 1.png
  artifactKey: Guid(a0cc94865bdf0234ca92cb574f3a06d7) Importer(815301076,1909f56bfc062723c751e8b465ee728b)
Start importing Assets/External Assets/Wenrexa/2. More UI Hologram Interface Wenrexa/SliderBar 1/Slider 1.png using Guid(a0cc94865bdf0234ca92cb574f3a06d7) Importer(815301076,1909f56bfc062723c751e8b465ee728b)  -> (artifact id: 'a633e782ef1dc698b5c57a094eaa99fe') in 0.027309 seconds 
========================================================================
Received Import Request.
  Time since last request: 1.629853 seconds.
  path: Assets/External Assets/Wenrexa/2. More UI Hologram Interface Wenrexa/CheckBox/CheckBox Disabled.png
  artifactKey: Guid(f27afecd648dbd948955d0c7fb2e5c5b) Importer(815301076,1909f56bfc062723c751e8b465ee728b)
Start importing Assets/External Assets/Wenrexa/2. More UI Hologram Interface Wenrexa/CheckBox/CheckBox Disabled.png using Guid(f27afecd648dbd948955d0c7fb2e5c5b) Importer(815301076,1909f56bfc062723c751e8b465ee728b)  -> (artifact id: 'ceea6fc9b407991965d8992bd9ab4079') in 0.048272 seconds 
========================================================================
Received Import Request.
  Time since last request: 0.000039 seconds.
  path: Assets/External Assets/Wenrexa/2. More UI Hologram Interface Wenrexa/CheckBox/CheckBox False.png
  artifactKey: Guid(1771f26eb2fec204f8568857c04fe201) Importer(815301076,1909f56bfc062723c751e8b465ee728b)
Start importing Assets/External Assets/Wenrexa/2. More UI Hologram Interface Wenrexa/CheckBox/CheckBox False.png using Guid(1771f26eb2fec204f8568857c04fe201) Importer(815301076,1909f56bfc062723c751e8b465ee728b)  -> (artifact id: '173ea45124f8aeb03b9e94433d0f8252') in 0.038615 seconds 
========================================================================
Received Import Request.
  Time since last request: 0.000048 seconds.
  path: Assets/External Assets/Wenrexa/2. More UI Hologram Interface Wenrexa/Button Icon/Icon Button.png
  artifactKey: Guid(37cde7da456f6234aa188675771950f9) Importer(815301076,1909f56bfc062723c751e8b465ee728b)
Start importing Assets/External Assets/Wenrexa/2. More UI Hologram Interface Wenrexa/Button Icon/Icon Button.png using Guid(37cde7da456f6234aa188675771950f9) Importer(815301076,1909f56bfc062723c751e8b465ee728b)  -> (artifact id: '649ff6466ce63afcfd7b31b5f7b890a7') in 0.047059 seconds 
========================================================================
Received Import Request.
  Time since last request: 0.000038 seconds.
  path: Assets/External Assets/Wenrexa/2. More UI Hologram Interface Wenrexa/Card X7/Card X12.png
  artifactKey: Guid(ad0db88cea033a346b8845416a29d61f) Importer(815301076,1909f56bfc062723c751e8b465ee728b)
Start importing Assets/External Assets/Wenrexa/2. More UI Hologram Interface Wenrexa/Card X7/Card X12.png using Guid(ad0db88cea033a346b8845416a29d61f) Importer(815301076,1909f56bfc062723c751e8b465ee728b)  -> (artifact id: '5ce34ad775ff607e000c9382c4ea9656') in 0.147600 seconds 
========================================================================
Received Import Request.
  Time since last request: 0.000056 seconds.
  path: Assets/External Assets/Wenrexa/2. More UI Hologram Interface Wenrexa/Card X8/Card X101.png
  artifactKey: Guid(09c7f7f0012a3f7428d6e3a879c8a151) Importer(815301076,1909f56bfc062723c751e8b465ee728b)
Start importing Assets/External Assets/Wenrexa/2. More UI Hologram Interface Wenrexa/Card X8/Card X101.png using Guid(09c7f7f0012a3f7428d6e3a879c8a151) Importer(815301076,1909f56bfc062723c751e8b465ee728b)  -> (artifact id: 'a3ef3bb3f272ef4456eda137b7e97b47') in 0.195605 seconds 
========================================================================
Received Import Request.
  Time since last request: 0.000045 seconds.
  path: Assets/External Assets/Wenrexa/2. More UI Hologram Interface Wenrexa/Card X7/Button SQR Hover.png
  artifactKey: Guid(283495d231fec4a44bd3705d5c900839) Importer(815301076,1909f56bfc062723c751e8b465ee728b)
Start importing Assets/External Assets/Wenrexa/2. More UI Hologram Interface Wenrexa/Card X7/Button SQR Hover.png using Guid(283495d231fec4a44bd3705d5c900839) Importer(815301076,1909f56bfc062723c751e8b465ee728b)  -> (artifact id: '8a20a2f66a5af4f1cbb8d13d9a93593a') in 0.066081 seconds 
========================================================================
Received Import Request.
  Time since last request: 0.000080 seconds.
  path: Assets/External Assets/Wenrexa/2. More UI Hologram Interface Wenrexa/Card X5/Card X9.png
  artifactKey: Guid(04253b17e515fcf4aa3e6a1eeaf6c43f) Importer(815301076,1909f56bfc062723c751e8b465ee728b)
Start importing Assets/External Assets/Wenrexa/2. More UI Hologram Interface Wenrexa/Card X5/Card X9.png using Guid(04253b17e515fcf4aa3e6a1eeaf6c43f) Importer(815301076,1909f56bfc062723c751e8b465ee728b)  -> (artifact id: 'd54a0dcbd7f140967634f06f105e86cf') in 0.094088 seconds 
========================================================================
Received Import Request.
  Time since last request: 0.000052 seconds.
  path: Assets/External Assets/Wenrexa/2. More UI Hologram Interface Wenrexa/Card X8/Button Normal 1.png
  artifactKey: Guid(a84631f5e707c0a4dbed40e7b3f887d1) Importer(815301076,1909f56bfc062723c751e8b465ee728b)
Start importing Assets/External Assets/Wenrexa/2. More UI Hologram Interface Wenrexa/Card X8/Button Normal 1.png using Guid(a84631f5e707c0a4dbed40e7b3f887d1) Importer(815301076,1909f56bfc062723c751e8b465ee728b)  -> (artifact id: '39b44828f3b97db91c4a405254917323') in 0.078929 seconds 
========================================================================
Received Import Request.
  Time since last request: 0.000042 seconds.
  path: Assets/External Assets/Wenrexa/1. Free Hologram Interface Wenrexa/1. Free Hologram Interface Wenrexa/Card X1/Card X2.png
  artifactKey: Guid(0ba36f1b8b620004191560155ccdd6e7) Importer(815301076,1909f56bfc062723c751e8b465ee728b)
Start importing Assets/External Assets/Wenrexa/1. Free Hologram Interface Wenrexa/1. Free Hologram Interface Wenrexa/Card X1/Card X2.png using Guid(0ba36f1b8b620004191560155ccdd6e7) Importer(815301076,1909f56bfc062723c751e8b465ee728b)  -> (artifact id: '94d0bd901b826f629f4a673ef0ab06ce') in 0.081869 seconds 
========================================================================
Received Import Request.
  Time since last request: 0.000035 seconds.
  path: Assets/External Assets/Wenrexa/1. Free Hologram Interface Wenrexa/1. Free Hologram Interface Wenrexa/Card X3/Card X6.png
  artifactKey: Guid(370eaead522366e44aae3cc0582ad222) Importer(815301076,1909f56bfc062723c751e8b465ee728b)
Start importing Assets/External Assets/Wenrexa/1. Free Hologram Interface Wenrexa/1. Free Hologram Interface Wenrexa/Card X3/Card X6.png using Guid(370eaead522366e44aae3cc0582ad222) Importer(815301076,1909f56bfc062723c751e8b465ee728b)  -> (artifact id: '53095435328909513d5104cba7127732') in 0.098017 seconds 
========================================================================
Received Import Request.
  Time since last request: 0.000037 seconds.
  path: Assets/External Assets/Wenrexa/2. More UI Hologram Interface Wenrexa/Card X5/Card X10.png
  artifactKey: Guid(9fc7d565fb8ee5643bb6328950be4357) Importer(815301076,1909f56bfc062723c751e8b465ee728b)
Start importing Assets/External Assets/Wenrexa/2. More UI Hologram Interface Wenrexa/Card X5/Card X10.png using Guid(9fc7d565fb8ee5643bb6328950be4357) Importer(815301076,1909f56bfc062723c751e8b465ee728b)  -> (artifact id: 'cb52b530c97017f041eee183322b09d0') in 0.097167 seconds 
========================================================================
Received Import Request.
  Time since last request: 0.000042 seconds.
  path: Assets/External Assets/Wenrexa/2. More UI Hologram Interface Wenrexa/Card X6/Card X11.png
  artifactKey: Guid(bb1fefbccc7c2874488b17e83307b8f3) Importer(815301076,1909f56bfc062723c751e8b465ee728b)
Start importing Assets/External Assets/Wenrexa/2. More UI Hologram Interface Wenrexa/Card X6/Card X11.png using Guid(bb1fefbccc7c2874488b17e83307b8f3) Importer(815301076,1909f56bfc062723c751e8b465ee728b)  -> (artifact id: 'fb0c54f7b6dfa163dd2f61940cebe458') in 0.131143 seconds 
========================================================================
Received Import Request.
  Time since last request: 0.000049 seconds.
  path: Assets/External Assets/Wenrexa/2. More UI Hologram Interface Wenrexa/Card X4/Card X8.png
  artifactKey: Guid(d266579e41c61044697910df759b2a14) Importer(815301076,1909f56bfc062723c751e8b465ee728b)
Start importing Assets/External Assets/Wenrexa/2. More UI Hologram Interface Wenrexa/Card X4/Card X8.png using Guid(d266579e41c61044697910df759b2a14) Importer(815301076,1909f56bfc062723c751e8b465ee728b)  -> (artifact id: '5e86a65c4ee20f43f7ea4917b8bd0dd7') in 0.112720 seconds 
========================================================================
Received Import Request.
  Time since last request: 0.000040 seconds.
  path: Assets/External Assets/Wenrexa/2. More UI Hologram Interface Wenrexa/Button 3/Hover.png
  artifactKey: Guid(bbd4ecdb610beb94e8ef70485d72c187) Importer(815301076,1909f56bfc062723c751e8b465ee728b)
Start importing Assets/External Assets/Wenrexa/2. More UI Hologram Interface Wenrexa/Button 3/Hover.png using Guid(bbd4ecdb610beb94e8ef70485d72c187) Importer(815301076,1909f56bfc062723c751e8b465ee728b)  -> (artifact id: '9798943caa22b6392e173c005aae4253') in 0.038819 seconds 
========================================================================
Received Import Request.
  Time since last request: 0.000043 seconds.
  path: Assets/External Assets/Wenrexa/2. More UI Hologram Interface Wenrexa/Button 4/Button Normal 1.png
  artifactKey: Guid(fa97ff1793e241e4ebf531e67b47e299) Importer(815301076,1909f56bfc062723c751e8b465ee728b)
Start importing Assets/External Assets/Wenrexa/2. More UI Hologram Interface Wenrexa/Button 4/Button Normal 1.png using Guid(fa97ff1793e241e4ebf531e67b47e299) Importer(815301076,1909f56bfc062723c751e8b465ee728b)  -> (artifact id: 'b7d3745d4574ec220b6e679940e016ac') in 0.028418 seconds 
========================================================================
Received Import Request.
  Time since last request: 0.000043 seconds.
  path: Assets/External Assets/Wenrexa/2. More UI Hologram Interface Wenrexa/Card X8/Card X102.png
  artifactKey: Guid(fe87dd76e4ea48c4cae43af1bad61874) Importer(815301076,1909f56bfc062723c751e8b465ee728b)
Start importing Assets/External Assets/Wenrexa/2. More UI Hologram Interface Wenrexa/Card X8/Card X102.png using Guid(fe87dd76e4ea48c4cae43af1bad61874) Importer(815301076,1909f56bfc062723c751e8b465ee728b)  -> (artifact id: '3835a8dfb40781e4777fc65444deae9b') in 0.146040 seconds 
========================================================================
Received Import Request.
  Time since last request: 0.379791 seconds.
  path: Assets/External Assets/Wenrexa/1. Free Hologram Interface Wenrexa/1. Free Hologram Interface Wenrexa/Button 1/Button Disable.png
  artifactKey: Guid(b7996e0a6b75f1b449a2492de085641a) Importer(815301076,1909f56bfc062723c751e8b465ee728b)
Start importing Assets/External Assets/Wenrexa/1. Free Hologram Interface Wenrexa/1. Free Hologram Interface Wenrexa/Button 1/Button Disable.png using Guid(b7996e0a6b75f1b449a2492de085641a) Importer(815301076,1909f56bfc062723c751e8b465ee728b)  -> (artifact id: '0e6854005014017b71cf47f1df09a695') in 0.036368 seconds 
========================================================================
Received Import Request.
  Time since last request: 0.000045 seconds.
  path: Assets/External Assets/Wenrexa/2. More UI Hologram Interface Wenrexa/Button 4/Button Hover 1.png
  artifactKey: Guid(91483015f9d203349a6e6a053430663a) Importer(815301076,1909f56bfc062723c751e8b465ee728b)
Start importing Assets/External Assets/Wenrexa/2. More UI Hologram Interface Wenrexa/Button 4/Button Hover 1.png using Guid(91483015f9d203349a6e6a053430663a) Importer(815301076,1909f56bfc062723c751e8b465ee728b)  -> (artifact id: '989fa7c0fa1a4d91a053516445f58923') in 0.026021 seconds 
========================================================================
Received Import Request.
  Time since last request: 0.000046 seconds.
  path: Assets/External Assets/Wenrexa/2. More UI Hologram Interface Wenrexa/Card X8/Button Hover.png
  artifactKey: Guid(0ebcd4695b95ed74f9df9790e9d200bd) Importer(815301076,1909f56bfc062723c751e8b465ee728b)
Start importing Assets/External Assets/Wenrexa/2. More UI Hologram Interface Wenrexa/Card X8/Button Hover.png using Guid(0ebcd4695b95ed74f9df9790e9d200bd) Importer(815301076,1909f56bfc062723c751e8b465ee728b)  -> (artifact id: '01445682f4e8a023b7ef4467f8f85405') in 0.037579 seconds 
========================================================================
Received Import Request.
  Time since last request: 377.615136 seconds.
  path: Assets/External Assets/Wenrexa/2. More UI Hologram Interface Wenrexa/Button 3/Active.png
  artifactKey: Guid(242a135449ed7684ca5330a8a5506d07) Importer(815301076,1909f56bfc062723c751e8b465ee728b)
Start importing Assets/External Assets/Wenrexa/2. More UI Hologram Interface Wenrexa/Button 3/Active.png using Guid(242a135449ed7684ca5330a8a5506d07) Importer(815301076,1909f56bfc062723c751e8b465ee728b)  -> (artifact id: 'af72679af9662ecd0d6857fd82f6a108') in 0.061760 seconds 
========================================================================
Received Import Request.
  Time since last request: 0.000035 seconds.
  path: Assets/External Assets/Wenrexa/1. Free Hologram Interface Wenrexa/1. Free Hologram Interface Wenrexa/Button 1/Button Active.png
  artifactKey: Guid(d8ea5f63ea09a01409fe62c9e4924504) Importer(815301076,1909f56bfc062723c751e8b465ee728b)
Start importing Assets/External Assets/Wenrexa/1. Free Hologram Interface Wenrexa/1. Free Hologram Interface Wenrexa/Button 1/Button Active.png using Guid(d8ea5f63ea09a01409fe62c9e4924504) Importer(815301076,1909f56bfc062723c751e8b465ee728b)  -> (artifact id: '36985d07a2888ccd6f4d4d32c36d406c') in 0.074128 seconds 
========================================================================
Received Import Request.
  Time since last request: 0.000037 seconds.
  path: Assets/External Assets/Wenrexa/2. More UI Hologram Interface Wenrexa/Button 4/Button Active 1.png
  artifactKey: Guid(364f4f24d35fd044085748b677d09a45) Importer(815301076,1909f56bfc062723c751e8b465ee728b)
Start importing Assets/External Assets/Wenrexa/2. More UI Hologram Interface Wenrexa/Button 4/Button Active 1.png using Guid(364f4f24d35fd044085748b677d09a45) Importer(815301076,1909f56bfc062723c751e8b465ee728b)  -> (artifact id: '0a33967cc0088dcee54447ff46138885') in 0.021729 seconds 
========================================================================
Received Import Request.
  Time since last request: 0.144946 seconds.
  path: Assets/External Assets/Wenrexa/1. Free Hologram Interface Wenrexa/1. Free Hologram Interface Wenrexa/Icons/22.png
  artifactKey: Guid(b66cd417888a2844185290a2fd209384) Importer(815301076,1909f56bfc062723c751e8b465ee728b)
Start importing Assets/External Assets/Wenrexa/1. Free Hologram Interface Wenrexa/1. Free Hologram Interface Wenrexa/Icons/22.png using Guid(b66cd417888a2844185290a2fd209384) Importer(815301076,1909f56bfc062723c751e8b465ee728b)  -> (artifact id: 'eb07ea284c51fef40fcd4042d6cd285b') in 0.057869 seconds 
========================================================================
Received Import Request.
  Time since last request: 0.000043 seconds.
  path: Assets/External Assets/Wenrexa/1. Free Hologram Interface Wenrexa/1. Free Hologram Interface Wenrexa/Icons/31.png
  artifactKey: Guid(3f6e5e9114e0cf445b7065acf7962b8c) Importer(815301076,1909f56bfc062723c751e8b465ee728b)
Start importing Assets/External Assets/Wenrexa/1. Free Hologram Interface Wenrexa/1. Free Hologram Interface Wenrexa/Icons/31.png using Guid(3f6e5e9114e0cf445b7065acf7962b8c) Importer(815301076,1909f56bfc062723c751e8b465ee728b)  -> (artifact id: '4b1a31fa60b6840e4a5fd2078c1d7ebc') in 0.048252 seconds 
========================================================================
Received Import Request.
  Time since last request: 0.000045 seconds.
  path: Assets/External Assets/Wenrexa/1. Free Hologram Interface Wenrexa/1. Free Hologram Interface Wenrexa/Icons/25.png
  artifactKey: Guid(3d0cb2c4af058ab4bb9bfe8dbafb80b0) Importer(815301076,1909f56bfc062723c751e8b465ee728b)
Start importing Assets/External Assets/Wenrexa/1. Free Hologram Interface Wenrexa/1. Free Hologram Interface Wenrexa/Icons/25.png using Guid(3d0cb2c4af058ab4bb9bfe8dbafb80b0) Importer(815301076,1909f56bfc062723c751e8b465ee728b)  -> (artifact id: '0a318bc2b9b7ab7af41046723554d6fd') in 0.029031 seconds 
========================================================================
Received Import Request.
  Time since last request: 0.000037 seconds.
  path: Assets/External Assets/Wenrexa/1. Free Hologram Interface Wenrexa/1. Free Hologram Interface Wenrexa/Icons/24.png
  artifactKey: Guid(438756c5a2e2469448a45104aa6a1423) Importer(815301076,1909f56bfc062723c751e8b465ee728b)
Start importing Assets/External Assets/Wenrexa/1. Free Hologram Interface Wenrexa/1. Free Hologram Interface Wenrexa/Icons/24.png using Guid(438756c5a2e2469448a45104aa6a1423) Importer(815301076,1909f56bfc062723c751e8b465ee728b)  -> (artifact id: 'b9443a7244f9895eabdf3f040d8dc68e') in 0.062313 seconds 
========================================================================
Received Import Request.
  Time since last request: 0.000034 seconds.
  path: Assets/External Assets/Wenrexa/1. Free Hologram Interface Wenrexa/1. Free Hologram Interface Wenrexa/Icons/29.png
  artifactKey: Guid(7c3c5f840221be4449983bd428e1fb12) Importer(815301076,1909f56bfc062723c751e8b465ee728b)
Start importing Assets/External Assets/Wenrexa/1. Free Hologram Interface Wenrexa/1. Free Hologram Interface Wenrexa/Icons/29.png using Guid(7c3c5f840221be4449983bd428e1fb12) Importer(815301076,1909f56bfc062723c751e8b465ee728b)  -> (artifact id: '68fd3b95a0876101e6d2123bd5da0239') in 0.033192 seconds 
========================================================================
Received Import Request.
  Time since last request: 0.000044 seconds.
  path: Assets/External Assets/Wenrexa/1. Free Hologram Interface Wenrexa/1. Free Hologram Interface Wenrexa/Icons/26.png
  artifactKey: Guid(68955d637fed1674fa2a79bea724c276) Importer(815301076,1909f56bfc062723c751e8b465ee728b)
Start importing Assets/External Assets/Wenrexa/1. Free Hologram Interface Wenrexa/1. Free Hologram Interface Wenrexa/Icons/26.png using Guid(68955d637fed1674fa2a79bea724c276) Importer(815301076,1909f56bfc062723c751e8b465ee728b)  -> (artifact id: 'd8485f364d6af3bc70329752f6c4cbf4') in 0.038761 seconds 
========================================================================
Received Import Request.
  Time since last request: 0.000041 seconds.
  path: Assets/External Assets/Wenrexa/1. Free Hologram Interface Wenrexa/1. Free Hologram Interface Wenrexa/Icons/27.png
  artifactKey: Guid(3e79669ef13c8344992f9c160c851548) Importer(815301076,1909f56bfc062723c751e8b465ee728b)
Start importing Assets/External Assets/Wenrexa/1. Free Hologram Interface Wenrexa/1. Free Hologram Interface Wenrexa/Icons/27.png using Guid(3e79669ef13c8344992f9c160c851548) Importer(815301076,1909f56bfc062723c751e8b465ee728b)  -> (artifact id: '67523961b7f0978036ecfcca17e88ef1') in 0.052867 seconds 
========================================================================
Received Import Request.
  Time since last request: 0.000070 seconds.
  path: Assets/External Assets/Wenrexa/1. Free Hologram Interface Wenrexa/1. Free Hologram Interface Wenrexa/Icons/19.png
  artifactKey: Guid(2813dab6f94fcc44588c5430e4216a18) Importer(815301076,1909f56bfc062723c751e8b465ee728b)
Start importing Assets/External Assets/Wenrexa/1. Free Hologram Interface Wenrexa/1. Free Hologram Interface Wenrexa/Icons/19.png using Guid(2813dab6f94fcc44588c5430e4216a18) Importer(815301076,1909f56bfc062723c751e8b465ee728b)  -> (artifact id: '0306d49b7b3f40db9b4d935f29c52037') in 0.042947 seconds 
========================================================================
Received Import Request.
  Time since last request: 0.000039 seconds.
  path: Assets/External Assets/Wenrexa/1. Free Hologram Interface Wenrexa/1. Free Hologram Interface Wenrexa/Icons/15.png
  artifactKey: Guid(49815df5aca3c1e4abf1b338d81009be) Importer(815301076,1909f56bfc062723c751e8b465ee728b)
Start importing Assets/External Assets/Wenrexa/1. Free Hologram Interface Wenrexa/1. Free Hologram Interface Wenrexa/Icons/15.png using Guid(49815df5aca3c1e4abf1b338d81009be) Importer(815301076,1909f56bfc062723c751e8b465ee728b)  -> (artifact id: '42eb0edd24c9f142214a4ad60f428dfd') in 0.093185 seconds 
========================================================================
Received Import Request.
  Time since last request: 0.000043 seconds.
  path: Assets/External Assets/Wenrexa/1. Free Hologram Interface Wenrexa/1. Free Hologram Interface Wenrexa/Icons/20.png
  artifactKey: Guid(50a44339b4f37924691cf46af525b039) Importer(815301076,1909f56bfc062723c751e8b465ee728b)
Start importing Assets/External Assets/Wenrexa/1. Free Hologram Interface Wenrexa/1. Free Hologram Interface Wenrexa/Icons/20.png using Guid(50a44339b4f37924691cf46af525b039) Importer(815301076,1909f56bfc062723c751e8b465ee728b)  -> (artifact id: '048d30a478762aea50cd8017f2933c1a') in 0.052851 seconds 
========================================================================
Received Import Request.
  Time since last request: 0.000163 seconds.
  path: Assets/External Assets/Wenrexa/1. Free Hologram Interface Wenrexa/1. Free Hologram Interface Wenrexa/Icons/18.png
  artifactKey: Guid(462da9285040e31419a55663082e1f09) Importer(815301076,1909f56bfc062723c751e8b465ee728b)
Start importing Assets/External Assets/Wenrexa/1. Free Hologram Interface Wenrexa/1. Free Hologram Interface Wenrexa/Icons/18.png using Guid(462da9285040e31419a55663082e1f09) Importer(815301076,1909f56bfc062723c751e8b465ee728b)  -> (artifact id: '9b092ba579b590e53e2c6fe0b25815e2') in 0.052328 seconds 
========================================================================
Received Import Request.
  Time since last request: 137.755765 seconds.
  path: Assets/External Assets/Wenrexa/1. Free Hologram Interface Wenrexa/1. Free Hologram Interface Wenrexa/Icons/08.png
  artifactKey: Guid(4bfe200ee947be54fa60b5a0cb6afc10) Importer(815301076,1909f56bfc062723c751e8b465ee728b)
Start importing Assets/External Assets/Wenrexa/1. Free Hologram Interface Wenrexa/1. Free Hologram Interface Wenrexa/Icons/08.png using Guid(4bfe200ee947be54fa60b5a0cb6afc10) Importer(815301076,1909f56bfc062723c751e8b465ee728b)  -> (artifact id: '07967e6c2388e10e0ac09a39eb09bc0e') in 0.087456 seconds 
========================================================================
Received Import Request.
  Time since last request: 0.000049 seconds.
  path: Assets/External Assets/Wenrexa/1. Free Hologram Interface Wenrexa/1. Free Hologram Interface Wenrexa/Icons/10.png
  artifactKey: Guid(68da67ac10ec8d0439fdce34a5d909b9) Importer(815301076,1909f56bfc062723c751e8b465ee728b)
Start importing Assets/External Assets/Wenrexa/1. Free Hologram Interface Wenrexa/1. Free Hologram Interface Wenrexa/Icons/10.png using Guid(68da67ac10ec8d0439fdce34a5d909b9) Importer(815301076,1909f56bfc062723c751e8b465ee728b)  -> (artifact id: '0dc97c236cddcacaa5e69380b96d7925') in 0.050896 seconds 
========================================================================
Received Import Request.
  Time since last request: 0.000052 seconds.
  path: Assets/External Assets/Wenrexa/1. Free Hologram Interface Wenrexa/1. Free Hologram Interface Wenrexa/Icons/13.png
  artifactKey: Guid(889e3e397b0944f4d9f221feb25bdcdb) Importer(815301076,1909f56bfc062723c751e8b465ee728b)
Start importing Assets/External Assets/Wenrexa/1. Free Hologram Interface Wenrexa/1. Free Hologram Interface Wenrexa/Icons/13.png using Guid(889e3e397b0944f4d9f221feb25bdcdb) Importer(815301076,1909f56bfc062723c751e8b465ee728b)  -> (artifact id: '56b1ea4d421ed773c7c9c001bd137b05') in 0.059353 seconds 
========================================================================
Received Import Request.
  Time since last request: 0.090105 seconds.
  path: Assets/External Assets/Wenrexa/1. Free Hologram Interface Wenrexa/1. Free Hologram Interface Wenrexa/Icons/02.png
  artifactKey: Guid(6bd45431524dcfb4895ea9d73500ad39) Importer(815301076,1909f56bfc062723c751e8b465ee728b)
Start importing Assets/External Assets/Wenrexa/1. Free Hologram Interface Wenrexa/1. Free Hologram Interface Wenrexa/Icons/02.png using Guid(6bd45431524dcfb4895ea9d73500ad39) Importer(815301076,1909f56bfc062723c751e8b465ee728b)  -> (artifact id: '4a6476e4b9a24476f997120b5591297c') in 0.024906 seconds 
========================================================================
Received Import Request.
  Time since last request: 0.000036 seconds.
  path: Assets/External Assets/Wenrexa/1. Free Hologram Interface Wenrexa/1. Free Hologram Interface Wenrexa/Icons/03.png
  artifactKey: Guid(0d1822a1292393c4fa70f5de9d833449) Importer(815301076,1909f56bfc062723c751e8b465ee728b)
Start importing Assets/External Assets/Wenrexa/1. Free Hologram Interface Wenrexa/1. Free Hologram Interface Wenrexa/Icons/03.png using Guid(0d1822a1292393c4fa70f5de9d833449) Importer(815301076,1909f56bfc062723c751e8b465ee728b)  -> (artifact id: 'e06df4354793496046526e15c6155896') in 0.029081 seconds 
========================================================================
Received Import Request.
  Time since last request: 0.000038 seconds.
  path: Assets/External Assets/Wenrexa/1. Free Hologram Interface Wenrexa/1. Free Hologram Interface Wenrexa/Icons/06.png
  artifactKey: Guid(9143e6403661517479296ebcc3f59d2c) Importer(815301076,1909f56bfc062723c751e8b465ee728b)
Start importing Assets/External Assets/Wenrexa/1. Free Hologram Interface Wenrexa/1. Free Hologram Interface Wenrexa/Icons/06.png using Guid(9143e6403661517479296ebcc3f59d2c) Importer(815301076,1909f56bfc062723c751e8b465ee728b)  -> (artifact id: '483c0c0ab96d0f2ed2b8553b66e81a76') in 0.042436 seconds 
