Using pre-set license
Built from '2021.2/staging' branch; Version is '2021.2.10f1 (ee872746220e) revision 15632167'; Using compiler version '192829333'; Build Type 'Release'
OS: 'Windows 10  (10.0.19044) 64bit Core' Language: 'en' Physical Memory: 16284 MB
BatchMode: 1, IsHumanControllingUs: 0, StartBugReporterOnCrash: 0, Is64bit: 1, IsPro: 0

COMMAND LINE ARGUMENTS:
E:\Unity Editors\2021.2.10f1\Editor\Unity.exe
-adb2
-batchMode
-noUpm
-name
AssetImportWorker0
-projectPath
F:/BitSpark Entertainment/Crusade Tracker/Crusade Tracker
-logFile
Logs/AssetImportWorker0.log
-srvPort
1128
Successfully changed project path to: F:/BitSpark Entertainment/Crusade Tracker/Crusade Tracker
F:/BitSpark Entertainment/Crusade Tracker/Crusade Tracker
[UnityMemory] Configuration Parameters - Can be set up in boot.config
    "memorysetup-bucket-allocator-granularity=16"
    "memorysetup-bucket-allocator-bucket-count=8"
    "memorysetup-bucket-allocator-block-size=33554432"
    "memorysetup-bucket-allocator-block-count=8"
    "memorysetup-main-allocator-block-size=16777216"
    "memorysetup-thread-allocator-block-size=16777216"
    "memorysetup-gfx-main-allocator-block-size=16777216"
    "memorysetup-gfx-thread-allocator-block-size=16777216"
    "memorysetup-cache-allocator-block-size=4194304"
    "memorysetup-typetree-allocator-block-size=2097152"
    "memorysetup-profiler-bucket-allocator-granularity=16"
    "memorysetup-profiler-bucket-allocator-bucket-count=8"
    "memorysetup-profiler-bucket-allocator-block-size=33554432"
    "memorysetup-profiler-bucket-allocator-block-count=8"
    "memorysetup-profiler-allocator-block-size=16777216"
    "memorysetup-profiler-editor-allocator-block-size=1048576"
    "memorysetup-temp-allocator-size-main=16777216"
    "memorysetup-job-temp-allocator-block-size=2097152"
    "memorysetup-job-temp-allocator-block-size-background=1048576"
    "memorysetup-job-temp-allocator-reduction-small-platforms=262144"
    "memorysetup-temp-allocator-size-background-worker=32768"
    "memorysetup-temp-allocator-size-job-worker=262144"
    "memorysetup-temp-allocator-size-preload-manager=33554432"
    "memorysetup-temp-allocator-size-nav-mesh-worker=65536"
    "memorysetup-temp-allocator-size-audio-worker=65536"
    "memorysetup-temp-allocator-size-cloud-worker=32768"
    "memorysetup-temp-allocator-size-gi-baking-worker=262144"
    "memorysetup-temp-allocator-size-gfx=262144"
Refreshing native plugins compatible for Editor in 200.06 ms, found 4 plugins.
Preloading 0 native plugins for Editor in 0.00 ms.
Initialize engine version: 2021.2.10f1 (ee872746220e)
[Subsystems] Discovering subsystems at path E:/Unity Editors/2021.2.10f1/Editor/Data/Resources/UnitySubsystems
[Subsystems] Discovering subsystems at path F:/BitSpark Entertainment/Crusade Tracker/Crusade Tracker/Assets
GfxDevice: creating device client; threaded=0; jobified=0
Direct3D:
    Version:  Direct3D 11.0 [level 11.1]
    Renderer: NVIDIA GeForce GTX 1060 6GB (ID=0x1c03)
    Vendor:   NVIDIA
    VRAM:     6052 MB
    Driver:   27.21.14.6627
Initialize mono
Mono path[0] = 'E:/Unity Editors/2021.2.10f1/Editor/Data/Managed'
Mono path[1] = 'E:/Unity Editors/2021.2.10f1/Editor/Data/MonoBleedingEdge/lib/mono/unityjit-win32'
Mono config path = 'E:/Unity Editors/2021.2.10f1/Editor/Data/MonoBleedingEdge/etc'
Using monoOptions --debugger-agent=transport=dt_socket,embedding=1,server=y,suspend=n,address=127.0.0.1:56704
Begin MonoManager ReloadAssembly
Registering precompiled unity dll's ...
Register platform support module: E:/Unity Editors/2021.2.10f1/Editor/Data/PlaybackEngines/WindowsStandaloneSupport/UnityEditor.WindowsStandalone.Extensions.dll
Registered in 0.006660 seconds.
Native extension for WindowsStandalone target not found
Refreshing native plugins compatible for Editor in 181.38 ms, found 4 plugins.
Preloading 0 native plugins for Editor in 0.00 ms.
Mono: successfully reloaded assembly
- Completed reload, in  1.352 seconds
Domain Reload Profiling:
	ReloadAssembly (1353ms)
		BeginReloadAssembly (162ms)
			ExecutionOrderSort (0ms)
			DisableScriptedObjects (0ms)
			BackupInstance (0ms)
			ReleaseScriptingObjects (0ms)
			CreateAndSetChildDomain (2ms)
		EndReloadAssembly (1026ms)
			LoadAssemblies (160ms)
			RebuildTransferFunctionScriptingTraits (0ms)
			SetupTypeCache (237ms)
			ReleaseScriptCaches (0ms)
			RebuildScriptCaches (65ms)
			SetupLoadedEditorAssemblies (607ms)
				LogAssemblyErrors (0ms)
				InitializePlatformSupportModulesInManaged (27ms)
				SetLoadedEditorAssemblies (0ms)
				RefreshPlugins (181ms)
				BeforeProcessingInitializeOnLoad (3ms)
				ProcessInitializeOnLoadAttributes (293ms)
				ProcessInitializeOnLoadMethodAttributes (102ms)
				AfterProcessingInitializeOnLoad (0ms)
				EditorAssembliesLoaded (0ms)
			ExecutionOrderSort2 (0ms)
			AwakeInstancesAfterBackupRestoration (0ms)
Platform modules already initialized, skipping
Registering precompiled user dll's ...
Registered in 0.012904 seconds.
Begin MonoManager ReloadAssembly
Symbol file LoadedFromMemory doesn't match image F:\BitSpark Entertainment\Crusade Tracker\Crusade Tracker\Library\PackageCache\com.unity.visualscripting@1.7.6\Editor\VisualScripting.Core\Dependencies\YamlDotNet\Unity.VisualScripting.YamlDotNet.dll
Symbol file LoadedFromMemory doesn't match image F:\BitSpark Entertainment\Crusade Tracker\Crusade Tracker\Library\PackageCache\com.unity.visualscripting@1.7.6\Editor\VisualScripting.Core\Dependencies\DotNetZip\Unity.VisualScripting.IonicZip.dll
Native extension for WindowsStandalone target not found
Refreshing native plugins compatible for Editor in 241.95 ms, found 4 plugins.
Preloading 0 native plugins for Editor in 0.00 ms.
Mono: successfully reloaded assembly
- Completed reload, in  4.271 seconds
Domain Reload Profiling:
	ReloadAssembly (4273ms)
		BeginReloadAssembly (242ms)
			ExecutionOrderSort (0ms)
			DisableScriptedObjects (15ms)
			BackupInstance (0ms)
			ReleaseScriptingObjects (0ms)
			CreateAndSetChildDomain (38ms)
		EndReloadAssembly (3814ms)
			LoadAssemblies (190ms)
			RebuildTransferFunctionScriptingTraits (0ms)
			SetupTypeCache (787ms)
			ReleaseScriptCaches (1ms)
			RebuildScriptCaches (184ms)
			SetupLoadedEditorAssemblies (2506ms)
				LogAssemblyErrors (0ms)
				InitializePlatformSupportModulesInManaged (24ms)
				SetLoadedEditorAssemblies (0ms)
				RefreshPlugins (242ms)
				BeforeProcessingInitializeOnLoad (201ms)
				ProcessInitializeOnLoadAttributes (1950ms)
				ProcessInitializeOnLoadMethodAttributes (80ms)
				AfterProcessingInitializeOnLoad (9ms)
				EditorAssembliesLoaded (0ms)
			ExecutionOrderSort2 (0ms)
			AwakeInstancesAfterBackupRestoration (19ms)
Platform modules already initialized, skipping
========================================================================
Worker process is ready to serve import requests
Launched and connected shader compiler UnityShaderCompiler.exe after 0.16 seconds
Refreshing native plugins compatible for Editor in 1.81 ms, found 4 plugins.
Preloading 0 native plugins for Editor in 0.00 ms.
Unloading 3962 Unused Serialized files (Serialized files now loaded: 0)
Unloading 43 unused Assets / (225.4 KB). Loaded Objects now: 4412.
Memory consumption went from 150.7 MB to 150.5 MB.
Total: 10.336700 ms (FindLiveObjects: 0.557000 ms CreateObjectMapping: 0.297100 ms MarkObjects: 8.318700 ms  DeleteObjects: 1.161300 ms)

AssetImportParameters requested are different than current active one (requested -> active):
  custom:video-decoder-ogg-theora: a1e56fd34408186e4bbccfd4996cb3dc -> 
  custom:container-muxer-webm: aa71ff27fc2769a1b78a27578f13a17b -> 
  custom:container-demuxer-webm: 4f35f7cbe854078d1ac9338744f61a02 -> 
  custom:video-encoder-webm-vp8: eb34c28f22e8b96e1ab97ce403110664 -> 
  custom:video-codec-MediaFoundation-h265: 746d11721c4dcdbdad8f713fa42b33f4 -> 
  custom:audio-encoder-webm-vorbis: bf7c407c2cedff20999df2af8eb42d56 -> 
  custom:framework-win-MediaFoundation: 216162199b28c13a410421893ffa2e32 -> 
  custom:container-demuxer-ogg: 62fdf1f143b41e24485cea50d1cbac27 -> 
  custom:video-decoder-webm-vp8: 9c59270c3fd7afecdb556c50c9e8de78 -> 
  custom:audio-decoder-ogg-vorbis: bf7c407c2cedff20999df2af8eb42d56 -> 
========================================================================
Received Import Request.
  Time since last request: 344510.978047 seconds.
  path: Assets/Scripts/Interaction/ForceDataEventHandler.cs
  artifactKey: Guid(64673b4a398a7594f8a919c579d66e8c) Importer(815301076,1909f56bfc062723c751e8b465ee728b)
Start importing Assets/Scripts/Interaction/ForceDataEventHandler.cs using Guid(64673b4a398a7594f8a919c579d66e8c) Importer(815301076,1909f56bfc062723c751e8b465ee728b)  -> (artifact id: 'e0df5c4bdd66b242c578d10d6b6ed190') in 0.072026 seconds 
========================================================================
Received Import Request.
  Time since last request: 1224.070710 seconds.
  path: Assets/Scenes/MainScene.unity
  artifactKey: Guid(2cda990e2423bbf4892e6590ba056729) Importer(815301076,1909f56bfc062723c751e8b465ee728b)
Start importing Assets/Scenes/MainScene.unity using Guid(2cda990e2423bbf4892e6590ba056729) Importer(815301076,1909f56bfc062723c751e8b465ee728b)  -> (artifact id: 'c43e55c6ef320e782d6e79ee761b2922') in 0.024937 seconds 
========================================================================
Received Import Request.
  Time since last request: 84.009764 seconds.
  path: Assets/External Assets/Wenrexa/2. More UI Hologram Interface Wenrexa/Button Icon/Icon Button Close.png
  artifactKey: Guid(606f10e0276d6db43a5cbfb4cb1f41b8) Importer(815301076,1909f56bfc062723c751e8b465ee728b)
Start importing Assets/External Assets/Wenrexa/2. More UI Hologram Interface Wenrexa/Button Icon/Icon Button Close.png using Guid(606f10e0276d6db43a5cbfb4cb1f41b8) Importer(815301076,1909f56bfc062723c751e8b465ee728b)  -> (artifact id: 'e0359e43a418ee59573a8f61f75400cc') in 0.223878 seconds 
========================================================================
Received Import Request.
  Time since last request: 0.000040 seconds.
  path: Assets/External Assets/Wenrexa/2. More UI Hologram Interface Wenrexa/ProgressBar/ProgressBarForeground.png
  artifactKey: Guid(b88a5bd75a3a65144a6fa59da4e35e40) Importer(815301076,1909f56bfc062723c751e8b465ee728b)
Start importing Assets/External Assets/Wenrexa/2. More UI Hologram Interface Wenrexa/ProgressBar/ProgressBarForeground.png using Guid(b88a5bd75a3a65144a6fa59da4e35e40) Importer(815301076,1909f56bfc062723c751e8b465ee728b)  -> (artifact id: 'a23d5e6cdbdb1f1588dd8649feedbbf9') in 0.057689 seconds 
========================================================================
Received Import Request.
  Time since last request: 0.000055 seconds.
  path: Assets/External Assets/Wenrexa/1. Free Hologram Interface Wenrexa/1. Free Hologram Interface Wenrexa/Card X1/Panel Empty Green.png
  artifactKey: Guid(cd1170b3a1d5fbf41bf841af9bea1f31) Importer(815301076,1909f56bfc062723c751e8b465ee728b)
Start importing Assets/External Assets/Wenrexa/1. Free Hologram Interface Wenrexa/1. Free Hologram Interface Wenrexa/Card X1/Panel Empty Green.png using Guid(cd1170b3a1d5fbf41bf841af9bea1f31) Importer(815301076,1909f56bfc062723c751e8b465ee728b)  -> (artifact id: '3fa053fb8a9f5f4aa8fa87d70c03d00b') in 0.072721 seconds 
========================================================================
Received Import Request.
  Time since last request: 0.000044 seconds.
  path: Assets/External Assets/Wenrexa/2. More UI Hologram Interface Wenrexa/Button 3/Normal.png
  artifactKey: Guid(daaa84dc620a6af44b2366835f400726) Importer(815301076,1909f56bfc062723c751e8b465ee728b)
Start importing Assets/External Assets/Wenrexa/2. More UI Hologram Interface Wenrexa/Button 3/Normal.png using Guid(daaa84dc620a6af44b2366835f400726) Importer(815301076,1909f56bfc062723c751e8b465ee728b)  -> (artifact id: '15b31199b5e5eae0a4d9c16da99d3711') in 0.082587 seconds 
========================================================================
Received Import Request.
  Time since last request: 0.000040 seconds.
  path: Assets/External Assets/Wenrexa/1. Free Hologram Interface Wenrexa/1. Free Hologram Interface Wenrexa/Card X1/Panel Red.png
  artifactKey: Guid(00195d27ce01b0745a063db6299ea5b0) Importer(815301076,1909f56bfc062723c751e8b465ee728b)
Start importing Assets/External Assets/Wenrexa/1. Free Hologram Interface Wenrexa/1. Free Hologram Interface Wenrexa/Card X1/Panel Red.png using Guid(00195d27ce01b0745a063db6299ea5b0) Importer(815301076,1909f56bfc062723c751e8b465ee728b)  -> (artifact id: '1132021f9dd54154c911e005ffb29702') in 0.049270 seconds 
========================================================================
Received Import Request.
  Time since last request: 0.000048 seconds.
  path: Assets/External Assets/Wenrexa/2. More UI Hologram Interface Wenrexa/Card X8/Slider 1.png
  artifactKey: Guid(f027d488ed5ab184f880be56c6cc1726) Importer(815301076,1909f56bfc062723c751e8b465ee728b)
Start importing Assets/External Assets/Wenrexa/2. More UI Hologram Interface Wenrexa/Card X8/Slider 1.png using Guid(f027d488ed5ab184f880be56c6cc1726) Importer(815301076,1909f56bfc062723c751e8b465ee728b)  -> (artifact id: '0f2b55d54a0f938113743cf8a143e4a8') in 0.030565 seconds 
========================================================================
Received Import Request.
  Time since last request: 0.000042 seconds.
  path: Assets/External Assets/Wenrexa/2. More UI Hologram Interface Wenrexa/Card X8/Panel.png
  artifactKey: Guid(5dddc70c1ee7ac44c8b94b7cab4e8386) Importer(815301076,1909f56bfc062723c751e8b465ee728b)
Start importing Assets/External Assets/Wenrexa/2. More UI Hologram Interface Wenrexa/Card X8/Panel.png using Guid(5dddc70c1ee7ac44c8b94b7cab4e8386) Importer(815301076,1909f56bfc062723c751e8b465ee728b)  -> (artifact id: '38d7406e98fa8459a59cff86ec757425') in 0.097044 seconds 
========================================================================
Received Import Request.
  Time since last request: 0.000038 seconds.
  path: Assets/External Assets/Wenrexa/2. More UI Hologram Interface Wenrexa/Button Icon/Icon Button Hover.png
  artifactKey: Guid(397b440daef27c64fa18e3ca03ec103b) Importer(815301076,1909f56bfc062723c751e8b465ee728b)
Start importing Assets/External Assets/Wenrexa/2. More UI Hologram Interface Wenrexa/Button Icon/Icon Button Hover.png using Guid(397b440daef27c64fa18e3ca03ec103b) Importer(815301076,1909f56bfc062723c751e8b465ee728b)  -> (artifact id: '7f30a6a2cc696ea872085af0c1196e2f') in 0.077660 seconds 
========================================================================
Received Import Request.
  Time since last request: 1.532122 seconds.
  path: Assets/External Assets/Wenrexa/2. More UI Hologram Interface Wenrexa/Card X5/Cell 2.png
  artifactKey: Guid(2d46c0cbec5339946b17d02027915ef8) Importer(815301076,1909f56bfc062723c751e8b465ee728b)
Start importing Assets/External Assets/Wenrexa/2. More UI Hologram Interface Wenrexa/Card X5/Cell 2.png using Guid(2d46c0cbec5339946b17d02027915ef8) Importer(815301076,1909f56bfc062723c751e8b465ee728b)  -> (artifact id: '0b8fe71eb7a48f0635dbdff13bef8cce') in 0.062388 seconds 
========================================================================
Received Import Request.
  Time since last request: 0.000043 seconds.
  path: Assets/External Assets/Wenrexa/2. More UI Hologram Interface Wenrexa/Button 3/Disabled.png
  artifactKey: Guid(10ac14f413c5a17418f930230c0af634) Importer(815301076,1909f56bfc062723c751e8b465ee728b)
Start importing Assets/External Assets/Wenrexa/2. More UI Hologram Interface Wenrexa/Button 3/Disabled.png using Guid(10ac14f413c5a17418f930230c0af634) Importer(815301076,1909f56bfc062723c751e8b465ee728b)  -> (artifact id: '465a0c446075242fdb980be47b31a633') in 0.043567 seconds 
========================================================================
Received Import Request.
  Time since last request: 0.000046 seconds.
  path: Assets/External Assets/Wenrexa/2. More UI Hologram Interface Wenrexa/Card X7/Card X124.png
  artifactKey: Guid(3262e7b8934e39e4c868dd04a3ba6ea5) Importer(815301076,1909f56bfc062723c751e8b465ee728b)
Start importing Assets/External Assets/Wenrexa/2. More UI Hologram Interface Wenrexa/Card X7/Card X124.png using Guid(3262e7b8934e39e4c868dd04a3ba6ea5) Importer(815301076,1909f56bfc062723c751e8b465ee728b)  -> (artifact id: '3194d491b2f2beebaaf78a7854d1e3a3') in 0.107233 seconds 
========================================================================
Received Import Request.
  Time since last request: 0.000047 seconds.
  path: Assets/External Assets/Wenrexa/2. More UI Hologram Interface Wenrexa/Card X6/Card X12.png
  artifactKey: Guid(4e8a0179e237d88439bc2143cc43af34) Importer(815301076,1909f56bfc062723c751e8b465ee728b)
Start importing Assets/External Assets/Wenrexa/2. More UI Hologram Interface Wenrexa/Card X6/Card X12.png using Guid(4e8a0179e237d88439bc2143cc43af34) Importer(815301076,1909f56bfc062723c751e8b465ee728b)  -> (artifact id: '4912a2308a004c4347f29ff897bd65cd') in 0.129692 seconds 
========================================================================
Received Import Request.
  Time since last request: 0.000039 seconds.
  path: Assets/External Assets/Wenrexa/1. Free Hologram Interface Wenrexa/1. Free Hologram Interface Wenrexa/Card X3/Card X5.png
  artifactKey: Guid(7ec76b02b087d8a41a47c96a9fc2a031) Importer(815301076,1909f56bfc062723c751e8b465ee728b)
Start importing Assets/External Assets/Wenrexa/1. Free Hologram Interface Wenrexa/1. Free Hologram Interface Wenrexa/Card X3/Card X5.png using Guid(7ec76b02b087d8a41a47c96a9fc2a031) Importer(815301076,1909f56bfc062723c751e8b465ee728b)  -> (artifact id: '9517674f17c280138b6a699fa6d90904') in 0.111378 seconds 
========================================================================
Received Import Request.
  Time since last request: 0.000042 seconds.
  path: Assets/External Assets/Wenrexa/2. More UI Hologram Interface Wenrexa/Button 2/Button Normal.png
  artifactKey: Guid(99b5d0bf231e24d4985f8d76605a9296) Importer(815301076,1909f56bfc062723c751e8b465ee728b)
Start importing Assets/External Assets/Wenrexa/2. More UI Hologram Interface Wenrexa/Button 2/Button Normal.png using Guid(99b5d0bf231e24d4985f8d76605a9296) Importer(815301076,1909f56bfc062723c751e8b465ee728b)  -> (artifact id: '791d7b604b31f80ebdce636b7a415036') in 0.046469 seconds 
========================================================================
Received Import Request.
  Time since last request: 0.000044 seconds.
  path: Assets/External Assets/Wenrexa/2. More UI Hologram Interface Wenrexa/Card X4/Card X7.png
  artifactKey: Guid(9ae25bc7d14cbbf48816c962b88164a8) Importer(815301076,1909f56bfc062723c751e8b465ee728b)
Start importing Assets/External Assets/Wenrexa/2. More UI Hologram Interface Wenrexa/Card X4/Card X7.png using Guid(9ae25bc7d14cbbf48816c962b88164a8) Importer(815301076,1909f56bfc062723c751e8b465ee728b)  -> (artifact id: 'adc68bc9ac37d4be076f59a9da478bd4') in 0.103232 seconds 
========================================================================
Received Import Request.
  Time since last request: 0.000039 seconds.
  path: Assets/External Assets/Wenrexa/2. More UI Hologram Interface Wenrexa/Button Panel/Button Panel 1 Normal.png
  artifactKey: Guid(7394a2d51ac714e4894ef7b06290126e) Importer(815301076,1909f56bfc062723c751e8b465ee728b)
Start importing Assets/External Assets/Wenrexa/2. More UI Hologram Interface Wenrexa/Button Panel/Button Panel 1 Normal.png using Guid(7394a2d51ac714e4894ef7b06290126e) Importer(815301076,1909f56bfc062723c751e8b465ee728b)  -> (artifact id: '2a3c90e0cd609cc07eaa6e992f2cfb3a') in 0.087013 seconds 
========================================================================
Received Import Request.
  Time since last request: 0.000037 seconds.
  path: Assets/External Assets/Wenrexa/1. Free Hologram Interface Wenrexa/1. Free Hologram Interface Wenrexa/Button 1/Button Normal.png
  artifactKey: Guid(e476976b2da03c249ba2219a8ce554aa) Importer(815301076,1909f56bfc062723c751e8b465ee728b)
Start importing Assets/External Assets/Wenrexa/1. Free Hologram Interface Wenrexa/1. Free Hologram Interface Wenrexa/Button 1/Button Normal.png using Guid(e476976b2da03c249ba2219a8ce554aa) Importer(815301076,1909f56bfc062723c751e8b465ee728b)  -> (artifact id: 'cbdcbe47d7dbdbfa3484ae6c10a18d13') in 0.027551 seconds 
========================================================================
Received Import Request.
  Time since last request: 0.000055 seconds.
  path: Assets/External Assets/Wenrexa/2. More UI Hologram Interface Wenrexa/Card X8/Button Normal.png
  artifactKey: Guid(2765f8497a26b044a8e316a169049105) Importer(815301076,1909f56bfc062723c751e8b465ee728b)
Start importing Assets/External Assets/Wenrexa/2. More UI Hologram Interface Wenrexa/Card X8/Button Normal.png using Guid(2765f8497a26b044a8e316a169049105) Importer(815301076,1909f56bfc062723c751e8b465ee728b)  -> (artifact id: '172ac14401bbc3b91ea46c3f794bee2b') in 0.061962 seconds 
========================================================================
Received Import Request.
  Time since last request: 0.000039 seconds.
  path: Assets/External Assets/Wenrexa/2. More UI Hologram Interface Wenrexa/Card X7/Button SQR Normal.png
  artifactKey: Guid(7e6914b9b659b2245b0d94c63bd4bc34) Importer(815301076,1909f56bfc062723c751e8b465ee728b)
Start importing Assets/External Assets/Wenrexa/2. More UI Hologram Interface Wenrexa/Card X7/Button SQR Normal.png using Guid(7e6914b9b659b2245b0d94c63bd4bc34) Importer(815301076,1909f56bfc062723c751e8b465ee728b)  -> (artifact id: '4279e2015ac85af65f49dbc302d59a94') in 0.070928 seconds 
========================================================================
Received Import Request.
  Time since last request: 0.000091 seconds.
  path: Assets/External Assets/Wenrexa/2. More UI Hologram Interface Wenrexa/Button Panel/Button Panel 1 Hover.png
  artifactKey: Guid(3f12add2b8d436a4eb845896f064c233) Importer(815301076,1909f56bfc062723c751e8b465ee728b)
Start importing Assets/External Assets/Wenrexa/2. More UI Hologram Interface Wenrexa/Button Panel/Button Panel 1 Hover.png using Guid(3f12add2b8d436a4eb845896f064c233) Importer(815301076,1909f56bfc062723c751e8b465ee728b)  -> (artifact id: 'b32e5684ff4d3f29734b46b713d68b54') in 0.064947 seconds 
========================================================================
Received Import Request.
  Time since last request: 0.000046 seconds.
  path: Assets/External Assets/Wenrexa/1. Free Hologram Interface Wenrexa/1. Free Hologram Interface Wenrexa/Card X2/Card X3.png
  artifactKey: Guid(cfc3daf5e69e8f3478348cdbd2022688) Importer(815301076,1909f56bfc062723c751e8b465ee728b)
Start importing Assets/External Assets/Wenrexa/1. Free Hologram Interface Wenrexa/1. Free Hologram Interface Wenrexa/Card X2/Card X3.png using Guid(cfc3daf5e69e8f3478348cdbd2022688) Importer(815301076,1909f56bfc062723c751e8b465ee728b)  -> (artifact id: '24c4d1bd9884d1e1e72f34bcdf06da1a') in 0.115292 seconds 
========================================================================
Received Import Request.
  Time since last request: 0.000053 seconds.
  path: Assets/External Assets/Wenrexa/2. More UI Hologram Interface Wenrexa/Card X8/Button Hover 1.png
  artifactKey: Guid(eb687089c9dd2bd478e41831bb2e735b) Importer(815301076,1909f56bfc062723c751e8b465ee728b)
Start importing Assets/External Assets/Wenrexa/2. More UI Hologram Interface Wenrexa/Card X8/Button Hover 1.png using Guid(eb687089c9dd2bd478e41831bb2e735b) Importer(815301076,1909f56bfc062723c751e8b465ee728b)  -> (artifact id: 'fbd756974496947b79b5c8d93de94803') in 0.046021 seconds 
========================================================================
Received Import Request.
  Time since last request: 0.000036 seconds.
  path: Assets/External Assets/Wenrexa/1. Free Hologram Interface Wenrexa/1. Free Hologram Interface Wenrexa/Card X1/Card X1.png
  artifactKey: Guid(e12f9f3e9e82c824e825b01d020bdb8b) Importer(815301076,1909f56bfc062723c751e8b465ee728b)
Start importing Assets/External Assets/Wenrexa/1. Free Hologram Interface Wenrexa/1. Free Hologram Interface Wenrexa/Card X1/Card X1.png using Guid(e12f9f3e9e82c824e825b01d020bdb8b) Importer(815301076,1909f56bfc062723c751e8b465ee728b)  -> (artifact id: 'd5bb5933c2962635be865ebb6bb5503e') in 0.109783 seconds 
========================================================================
Received Import Request.
  Time since last request: 0.000031 seconds.
  path: Assets/External Assets/Wenrexa/2. More UI Hologram Interface Wenrexa/CheckBox/CheckBox True.png
  artifactKey: Guid(a5273ce48b65eca43a3c1824051259ab) Importer(815301076,1909f56bfc062723c751e8b465ee728b)
Start importing Assets/External Assets/Wenrexa/2. More UI Hologram Interface Wenrexa/CheckBox/CheckBox True.png using Guid(a5273ce48b65eca43a3c1824051259ab) Importer(815301076,1909f56bfc062723c751e8b465ee728b)  -> (artifact id: 'c8e2134e87cfacdfac002df1586fe1f4') in 0.041989 seconds 
========================================================================
Received Import Request.
  Time since last request: 0.000046 seconds.
  path: Assets/External Assets/Wenrexa/1. Free Hologram Interface Wenrexa/1. Free Hologram Interface Wenrexa/Card X2/Card X2.png
  artifactKey: Guid(7808659b3dacae042896abab838fc8c4) Importer(815301076,1909f56bfc062723c751e8b465ee728b)
Start importing Assets/External Assets/Wenrexa/1. Free Hologram Interface Wenrexa/1. Free Hologram Interface Wenrexa/Card X2/Card X2.png using Guid(7808659b3dacae042896abab838fc8c4) Importer(815301076,1909f56bfc062723c751e8b465ee728b)  -> (artifact id: '2d04de7707797cb61331acf2b7231529') in 0.077551 seconds 
========================================================================
Received Import Request.
  Time since last request: 0.000063 seconds.
  path: Assets/External Assets/Wenrexa/2. More UI Hologram Interface Wenrexa/Card X5/Cell.png
  artifactKey: Guid(76755addb7365b64087215fdd318aed8) Importer(815301076,1909f56bfc062723c751e8b465ee728b)
Start importing Assets/External Assets/Wenrexa/2. More UI Hologram Interface Wenrexa/Card X5/Cell.png using Guid(76755addb7365b64087215fdd318aed8) Importer(815301076,1909f56bfc062723c751e8b465ee728b)  -> (artifact id: '73c7f31cca86148315adb299c3f48900') in 0.052562 seconds 
========================================================================
Received Import Request.
  Time since last request: 0.000029 seconds.
  path: Assets/External Assets/Wenrexa/2. More UI Hologram Interface Wenrexa/Card X8/Card X100.png
  artifactKey: Guid(893ea8c985ce2d045a2cdc1c24d7fc0c) Importer(815301076,1909f56bfc062723c751e8b465ee728b)
Start importing Assets/External Assets/Wenrexa/2. More UI Hologram Interface Wenrexa/Card X8/Card X100.png using Guid(893ea8c985ce2d045a2cdc1c24d7fc0c) Importer(815301076,1909f56bfc062723c751e8b465ee728b)  -> (artifact id: '3c48d3688ca1b694a8f6841d53f4bdf6') in 0.175939 seconds 
========================================================================
Received Import Request.
  Time since last request: 0.218722 seconds.
  path: Assets/External Assets/Wenrexa/2. More UI Hologram Interface Wenrexa/Card X8/Button Active 1.png
  artifactKey: Guid(46f17a275dfc22c4ca0cacacfba22c47) Importer(815301076,1909f56bfc062723c751e8b465ee728b)
Start importing Assets/External Assets/Wenrexa/2. More UI Hologram Interface Wenrexa/Card X8/Button Active 1.png using Guid(46f17a275dfc22c4ca0cacacfba22c47) Importer(815301076,1909f56bfc062723c751e8b465ee728b)  -> (artifact id: '506c902c4213fd4d3af9dac275d32cd8') in 0.025979 seconds 
========================================================================
Received Import Request.
  Time since last request: 0.000040 seconds.
  path: Assets/External Assets/Wenrexa/1. Free Hologram Interface Wenrexa/1. Free Hologram Interface Wenrexa/Button 1/Button Hover.png
  artifactKey: Guid(51077b11933610d4693b98cee1f36e47) Importer(815301076,1909f56bfc062723c751e8b465ee728b)
Start importing Assets/External Assets/Wenrexa/1. Free Hologram Interface Wenrexa/1. Free Hologram Interface Wenrexa/Button 1/Button Hover.png using Guid(51077b11933610d4693b98cee1f36e47) Importer(815301076,1909f56bfc062723c751e8b465ee728b)  -> (artifact id: 'ec1acfaa2904319f5a7f4c728d036b11') in 0.042072 seconds 
========================================================================
Received Import Request.
  Time since last request: 0.000035 seconds.
  path: Assets/External Assets/Wenrexa/2. More UI Hologram Interface Wenrexa/Button 2/Button Disabled.png
  artifactKey: Guid(a164d955919376f4c8800f559918ef17) Importer(815301076,1909f56bfc062723c751e8b465ee728b)
Start importing Assets/External Assets/Wenrexa/2. More UI Hologram Interface Wenrexa/Button 2/Button Disabled.png using Guid(a164d955919376f4c8800f559918ef17) Importer(815301076,1909f56bfc062723c751e8b465ee728b)  -> (artifact id: 'aa4f884dc210a44ec1013ad555575f23') in 0.026234 seconds 
========================================================================
Received Import Request.
  Time since last request: 0.000032 seconds.
  path: Assets/External Assets/Wenrexa/2. More UI Hologram Interface Wenrexa/Button 2/Button Hover.png
  artifactKey: Guid(2fceceed5e73d364eb46371e28b93051) Importer(815301076,1909f56bfc062723c751e8b465ee728b)
Start importing Assets/External Assets/Wenrexa/2. More UI Hologram Interface Wenrexa/Button 2/Button Hover.png using Guid(2fceceed5e73d364eb46371e28b93051) Importer(815301076,1909f56bfc062723c751e8b465ee728b)  -> (artifact id: 'e3e3a942a88bfec8ba1f5a41ba3710b5') in 0.026270 seconds 
========================================================================
Received Import Request.
  Time since last request: 33.191217 seconds.
  path: Assets/Prefabs/TitleInputFieldPrefab.prefab
  artifactKey: Guid(4eeb1662b46209a46939c46485b8f1f5) Importer(815301076,1909f56bfc062723c751e8b465ee728b)
Start importing Assets/Prefabs/TitleInputFieldPrefab.prefab using Guid(4eeb1662b46209a46939c46485b8f1f5) Importer(815301076,1909f56bfc062723c751e8b465ee728b)  -> (artifact id: '4c8cd9188c10ac4f4a2e798f47e310d3') in 0.105215 seconds 
========================================================================
Received Import Request.
  Time since last request: 2.924334 seconds.
  path: Assets/Prefabs/TitleInputFieldPrefab.prefab
  artifactKey: Guid(4eeb1662b46209a46939c46485b8f1f5) Importer(815301076,1909f56bfc062723c751e8b465ee728b)
Start importing Assets/Prefabs/TitleInputFieldPrefab.prefab using Guid(4eeb1662b46209a46939c46485b8f1f5) Importer(815301076,1909f56bfc062723c751e8b465ee728b)  -> (artifact id: 'e8a2c080deba618364244fbe65a0a5ad') in 0.040909 seconds 
========================================================================
Received Import Request.
  Time since last request: 2.398973 seconds.
  path: Assets/Prefabs/TitleInputFieldPrefab.prefab
  artifactKey: Guid(4eeb1662b46209a46939c46485b8f1f5) Importer(815301076,1909f56bfc062723c751e8b465ee728b)
Start importing Assets/Prefabs/TitleInputFieldPrefab.prefab using Guid(4eeb1662b46209a46939c46485b8f1f5) Importer(815301076,1909f56bfc062723c751e8b465ee728b)  -> (artifact id: '494ec4c47b27be496e04540fe029a460') in 0.045029 seconds 
========================================================================
Received Import Request.
  Time since last request: 5.667386 seconds.
  path: Assets/Prefabs/TitleInputFieldPrefab.prefab
  artifactKey: Guid(4eeb1662b46209a46939c46485b8f1f5) Importer(815301076,1909f56bfc062723c751e8b465ee728b)
Start importing Assets/Prefabs/TitleInputFieldPrefab.prefab using Guid(4eeb1662b46209a46939c46485b8f1f5) Importer(815301076,1909f56bfc062723c751e8b465ee728b)  -> (artifact id: '3e5523749800f75fae4e7aa02b18bfe7') in 0.043536 seconds 
========================================================================
Received Import Request.
  Time since last request: 2.832561 seconds.
  path: Assets/Prefabs/TitleInputFieldPrefab.prefab
  artifactKey: Guid(4eeb1662b46209a46939c46485b8f1f5) Importer(815301076,1909f56bfc062723c751e8b465ee728b)
Start importing Assets/Prefabs/TitleInputFieldPrefab.prefab using Guid(4eeb1662b46209a46939c46485b8f1f5) Importer(815301076,1909f56bfc062723c751e8b465ee728b)  -> (artifact id: '289019c7a2a22ee2a347c9dd30c35b80') in 0.043024 seconds 
========================================================================
Received Import Request.
  Time since last request: 21.839074 seconds.
  path: Assets/Prefabs/TitleInputFieldPrefab.prefab
  artifactKey: Guid(4eeb1662b46209a46939c46485b8f1f5) Importer(815301076,1909f56bfc062723c751e8b465ee728b)
Start importing Assets/Prefabs/TitleInputFieldPrefab.prefab using Guid(4eeb1662b46209a46939c46485b8f1f5) Importer(815301076,1909f56bfc062723c751e8b465ee728b)  -> (artifact id: 'd692f93fd5434ae8f1c446c144e96f12') in 0.040867 seconds 
========================================================================
Received Import Request.
  Time since last request: 5.668188 seconds.
  path: Assets/Prefabs/TitleInputFieldPrefab.prefab
  artifactKey: Guid(4eeb1662b46209a46939c46485b8f1f5) Importer(815301076,1909f56bfc062723c751e8b465ee728b)
Start importing Assets/Prefabs/TitleInputFieldPrefab.prefab using Guid(4eeb1662b46209a46939c46485b8f1f5) Importer(815301076,1909f56bfc062723c751e8b465ee728b)  -> (artifact id: '32a44d419027c26b0499dc86ba5da4d9') in 0.044205 seconds 
========================================================================
Received Import Request.
  Time since last request: 5.009719 seconds.
  path: Assets/Prefabs/TitleInputFieldPrefab.prefab
  artifactKey: Guid(4eeb1662b46209a46939c46485b8f1f5) Importer(815301076,1909f56bfc062723c751e8b465ee728b)
Start importing Assets/Prefabs/TitleInputFieldPrefab.prefab using Guid(4eeb1662b46209a46939c46485b8f1f5) Importer(815301076,1909f56bfc062723c751e8b465ee728b)  -> (artifact id: '2c456f5f51ee2c89cf9ef4f196ecb1a1') in 0.041110 seconds 
========================================================================
Received Import Request.
  Time since last request: 6.515807 seconds.
  path: Assets/Prefabs/TitleInputFieldPrefab.prefab
  artifactKey: Guid(4eeb1662b46209a46939c46485b8f1f5) Importer(815301076,1909f56bfc062723c751e8b465ee728b)
Start importing Assets/Prefabs/TitleInputFieldPrefab.prefab using Guid(4eeb1662b46209a46939c46485b8f1f5) Importer(815301076,1909f56bfc062723c751e8b465ee728b)  -> (artifact id: 'ec6ca3779379cf9c2e42db091f088033') in 0.042864 seconds 
========================================================================
Received Import Request.
  Time since last request: 5.348749 seconds.
  path: Assets/Prefabs/TitleInputFieldPrefab.prefab
  artifactKey: Guid(4eeb1662b46209a46939c46485b8f1f5) Importer(815301076,1909f56bfc062723c751e8b465ee728b)
Start importing Assets/Prefabs/TitleInputFieldPrefab.prefab using Guid(4eeb1662b46209a46939c46485b8f1f5) Importer(815301076,1909f56bfc062723c751e8b465ee728b)  -> (artifact id: '6a866372a0ea3cf21de3800079ab6889') in 0.045532 seconds 
========================================================================
Received Import Request.
  Time since last request: 19.435287 seconds.
  path: Assets/Prefabs/TitleInputFieldPrefab.prefab
  artifactKey: Guid(4eeb1662b46209a46939c46485b8f1f5) Importer(815301076,1909f56bfc062723c751e8b465ee728b)
Start importing Assets/Prefabs/TitleInputFieldPrefab.prefab using Guid(4eeb1662b46209a46939c46485b8f1f5) Importer(815301076,1909f56bfc062723c751e8b465ee728b)  -> (artifact id: '19b2bafcd6d00c181355305a452f90df') in 0.041270 seconds 
========================================================================
Received Import Request.
  Time since last request: 30.866068 seconds.
  path: Assets/Prefabs/LabelTallyHalfSizePrefab.prefab
  artifactKey: Guid(b9dfe5568934eeb459a63af223615da6) Importer(815301076,1909f56bfc062723c751e8b465ee728b)
Start importing Assets/Prefabs/LabelTallyHalfSizePrefab.prefab using Guid(b9dfe5568934eeb459a63af223615da6) Importer(815301076,1909f56bfc062723c751e8b465ee728b)  -> (artifact id: '5d883bbd960987fc42663a079d861064') in 0.045038 seconds 
========================================================================
Received Import Request.
  Time since last request: 235.163019 seconds.
  path: Assets/External Assets/Wenrexa/1. Free Hologram Interface Wenrexa/1. Free Hologram Interface Wenrexa/Icons/35.png
  artifactKey: Guid(dfda23d6a6cc0474290580b520dcd866) Importer(815301076,1909f56bfc062723c751e8b465ee728b)
Start importing Assets/External Assets/Wenrexa/1. Free Hologram Interface Wenrexa/1. Free Hologram Interface Wenrexa/Icons/35.png using Guid(dfda23d6a6cc0474290580b520dcd866) Importer(815301076,1909f56bfc062723c751e8b465ee728b)  -> (artifact id: '7152a5e229e0d4635d81512e598dadf7') in 0.073027 seconds 
========================================================================
Received Import Request.
  Time since last request: 0.000041 seconds.
  path: Assets/External Assets/Wenrexa/2. More UI Hologram Interface Wenrexa/SliderBar 1/Bar 1.png
  artifactKey: Guid(8d5268682929872488884521aeceede6) Importer(815301076,1909f56bfc062723c751e8b465ee728b)
Start importing Assets/External Assets/Wenrexa/2. More UI Hologram Interface Wenrexa/SliderBar 1/Bar 1.png using Guid(8d5268682929872488884521aeceede6) Importer(815301076,1909f56bfc062723c751e8b465ee728b)  -> (artifact id: '3edf945d13db587f2e34b5c39b9d6496') in 0.038825 seconds 
========================================================================
Received Import Request.
  Time since last request: 0.000037 seconds.
  path: Assets/External Assets/Wenrexa/2. More UI Hologram Interface Wenrexa/Card X8/Bar 1.png
  artifactKey: Guid(f7819e3b17254a443a00022e224a183d) Importer(815301076,1909f56bfc062723c751e8b465ee728b)
Start importing Assets/External Assets/Wenrexa/2. More UI Hologram Interface Wenrexa/Card X8/Bar 1.png using Guid(f7819e3b17254a443a00022e224a183d) Importer(815301076,1909f56bfc062723c751e8b465ee728b)  -> (artifact id: '73c094ac1b04beb27257d70a154e126f') in 0.023666 seconds 
========================================================================
Received Import Request.
  Time since last request: 0.000041 seconds.
  path: Assets/External Assets/Wenrexa/2. More UI Hologram Interface Wenrexa/Button 2/Button Active.png
  artifactKey: Guid(ba8c071b77b6c1c4f9226ca3adce4362) Importer(815301076,1909f56bfc062723c751e8b465ee728b)
Start importing Assets/External Assets/Wenrexa/2. More UI Hologram Interface Wenrexa/Button 2/Button Active.png using Guid(ba8c071b77b6c1c4f9226ca3adce4362) Importer(815301076,1909f56bfc062723c751e8b465ee728b)  -> (artifact id: 'cfe664221a286b620e8764835c347dfc') in 0.047465 seconds 
========================================================================
Received Import Request.
  Time since last request: 0.088209 seconds.
  path: Assets/External Assets/Wenrexa/1. Free Hologram Interface Wenrexa/1. Free Hologram Interface Wenrexa/Icons/21.png
  artifactKey: Guid(dc4ab8f31eda12843823929952ef29eb) Importer(815301076,1909f56bfc062723c751e8b465ee728b)
Start importing Assets/External Assets/Wenrexa/1. Free Hologram Interface Wenrexa/1. Free Hologram Interface Wenrexa/Icons/21.png using Guid(dc4ab8f31eda12843823929952ef29eb) Importer(815301076,1909f56bfc062723c751e8b465ee728b)  -> (artifact id: 'f3a7962a003058d91d51d1ba5e099e26') in 0.070851 seconds 
========================================================================
Received Import Request.
  Time since last request: 0.000051 seconds.
  path: Assets/External Assets/Wenrexa/1. Free Hologram Interface Wenrexa/1. Free Hologram Interface Wenrexa/Icons/34.png
  artifactKey: Guid(f7f2fa7adcddca24f8c4a0bd9fd722a4) Importer(815301076,1909f56bfc062723c751e8b465ee728b)
Start importing Assets/External Assets/Wenrexa/1. Free Hologram Interface Wenrexa/1. Free Hologram Interface Wenrexa/Icons/34.png using Guid(f7f2fa7adcddca24f8c4a0bd9fd722a4) Importer(815301076,1909f56bfc062723c751e8b465ee728b)  -> (artifact id: '9a43e87670719b94e5a7e7882976a2d2') in 0.061070 seconds 
========================================================================
Received Import Request.
  Time since last request: 0.000044 seconds.
  path: Assets/External Assets/Wenrexa/1. Free Hologram Interface Wenrexa/1. Free Hologram Interface Wenrexa/Icons/28.png
  artifactKey: Guid(09984f13e9930a14b88f9256a34e99c7) Importer(815301076,1909f56bfc062723c751e8b465ee728b)
Start importing Assets/External Assets/Wenrexa/1. Free Hologram Interface Wenrexa/1. Free Hologram Interface Wenrexa/Icons/28.png using Guid(09984f13e9930a14b88f9256a34e99c7) Importer(815301076,1909f56bfc062723c751e8b465ee728b)  -> (artifact id: 'c7cf158cc11c24a02d8a7ff183525fc5') in 0.042058 seconds 
========================================================================
Received Import Request.
  Time since last request: 0.000055 seconds.
  path: Assets/External Assets/Wenrexa/1. Free Hologram Interface Wenrexa/1. Free Hologram Interface Wenrexa/Icons/30.png
  artifactKey: Guid(fc09c08d54205194fa1d4d30ef0b86ac) Importer(815301076,1909f56bfc062723c751e8b465ee728b)
Start importing Assets/External Assets/Wenrexa/1. Free Hologram Interface Wenrexa/1. Free Hologram Interface Wenrexa/Icons/30.png using Guid(fc09c08d54205194fa1d4d30ef0b86ac) Importer(815301076,1909f56bfc062723c751e8b465ee728b)  -> (artifact id: '263ae080e731fc03c1bd265ef3c55b38') in 0.040413 seconds 
========================================================================
Received Import Request.
  Time since last request: 0.000027 seconds.
  path: Assets/External Assets/Wenrexa/1. Free Hologram Interface Wenrexa/1. Free Hologram Interface Wenrexa/Icons/23.png
  artifactKey: Guid(8d70d6408d7429440980554f597cea22) Importer(815301076,1909f56bfc062723c751e8b465ee728b)
Start importing Assets/External Assets/Wenrexa/1. Free Hologram Interface Wenrexa/1. Free Hologram Interface Wenrexa/Icons/23.png using Guid(8d70d6408d7429440980554f597cea22) Importer(815301076,1909f56bfc062723c751e8b465ee728b)  -> (artifact id: 'b2a23211711aea4f4938e02ff89a7968') in 0.054540 seconds 
========================================================================
Received Import Request.
  Time since last request: 0.000037 seconds.
  path: Assets/External Assets/Wenrexa/1. Free Hologram Interface Wenrexa/1. Free Hologram Interface Wenrexa/Icons/32.png
  artifactKey: Guid(bbb18e0f24a0996478fb9e6fdbae6303) Importer(815301076,1909f56bfc062723c751e8b465ee728b)
Start importing Assets/External Assets/Wenrexa/1. Free Hologram Interface Wenrexa/1. Free Hologram Interface Wenrexa/Icons/32.png using Guid(bbb18e0f24a0996478fb9e6fdbae6303) Importer(815301076,1909f56bfc062723c751e8b465ee728b)  -> (artifact id: '5205a8c134a66accc077dbc7db0d835d') in 0.041002 seconds 
========================================================================
Received Import Request.
  Time since last request: 0.000035 seconds.
  path: Assets/External Assets/Wenrexa/1. Free Hologram Interface Wenrexa/1. Free Hologram Interface Wenrexa/Icons/33.png
  artifactKey: Guid(2a8cd712257b36c49bde0a1049010ae5) Importer(815301076,1909f56bfc062723c751e8b465ee728b)
Start importing Assets/External Assets/Wenrexa/1. Free Hologram Interface Wenrexa/1. Free Hologram Interface Wenrexa/Icons/33.png using Guid(2a8cd712257b36c49bde0a1049010ae5) Importer(815301076,1909f56bfc062723c751e8b465ee728b)  -> (artifact id: 'ee80197d2397a39d74caa7e8ae74e49f') in 0.037456 seconds 
========================================================================
Received Import Request.
  Time since last request: 0.000035 seconds.
  path: Assets/External Assets/Wenrexa/1. Free Hologram Interface Wenrexa/1. Free Hologram Interface Wenrexa/Icons/17.png
  artifactKey: Guid(1030f247fb73b224b95f7aaa6243ced9) Importer(815301076,1909f56bfc062723c751e8b465ee728b)
Start importing Assets/External Assets/Wenrexa/1. Free Hologram Interface Wenrexa/1. Free Hologram Interface Wenrexa/Icons/17.png using Guid(1030f247fb73b224b95f7aaa6243ced9) Importer(815301076,1909f56bfc062723c751e8b465ee728b)  -> (artifact id: '351d91e62d7b1096613a0a33fca2d31c') in 0.082137 seconds 
========================================================================
Received Import Request.
  Time since last request: 0.000049 seconds.
  path: Assets/External Assets/Wenrexa/1. Free Hologram Interface Wenrexa/1. Free Hologram Interface Wenrexa/Icons/16.png
  artifactKey: Guid(3bd5b7a8dfb3cba41b05e6ccf70b26d6) Importer(815301076,1909f56bfc062723c751e8b465ee728b)
Start importing Assets/External Assets/Wenrexa/1. Free Hologram Interface Wenrexa/1. Free Hologram Interface Wenrexa/Icons/16.png using Guid(3bd5b7a8dfb3cba41b05e6ccf70b26d6) Importer(815301076,1909f56bfc062723c751e8b465ee728b)  -> (artifact id: '1db27f91a5b5fd14361134048f963616') in 0.066062 seconds 
========================================================================
Received Import Request.
  Time since last request: 0.000036 seconds.
  path: Assets/External Assets/Wenrexa/1. Free Hologram Interface Wenrexa/1. Free Hologram Interface Wenrexa/Icons/14.png
  artifactKey: Guid(2b4b78f7a3840284b82465dbcbd7c586) Importer(815301076,1909f56bfc062723c751e8b465ee728b)
Start importing Assets/External Assets/Wenrexa/1. Free Hologram Interface Wenrexa/1. Free Hologram Interface Wenrexa/Icons/14.png using Guid(2b4b78f7a3840284b82465dbcbd7c586) Importer(815301076,1909f56bfc062723c751e8b465ee728b)  -> (artifact id: 'a23f76170b76d4d07de7a918a9c6131f') in 0.047531 seconds 
========================================================================
Received Import Request.
  Time since last request: 137.785355 seconds.
  path: Assets/External Assets/Wenrexa/1. Free Hologram Interface Wenrexa/1. Free Hologram Interface Wenrexa/Icons/07.png
  artifactKey: Guid(b2d48e1b32d7249478ecf2f614c45c80) Importer(815301076,1909f56bfc062723c751e8b465ee728b)
Start importing Assets/External Assets/Wenrexa/1. Free Hologram Interface Wenrexa/1. Free Hologram Interface Wenrexa/Icons/07.png using Guid(b2d48e1b32d7249478ecf2f614c45c80) Importer(815301076,1909f56bfc062723c751e8b465ee728b)  -> (artifact id: '0aae562d1d579fcabe16d13261e0404b') in 0.061608 seconds 
========================================================================
Received Import Request.
  Time since last request: 0.000045 seconds.
  path: Assets/External Assets/Wenrexa/1. Free Hologram Interface Wenrexa/1. Free Hologram Interface Wenrexa/Icons/09.png
  artifactKey: Guid(1ed7552cea121ba42ae445a3c7d3ddb8) Importer(815301076,1909f56bfc062723c751e8b465ee728b)
Start importing Assets/External Assets/Wenrexa/1. Free Hologram Interface Wenrexa/1. Free Hologram Interface Wenrexa/Icons/09.png using Guid(1ed7552cea121ba42ae445a3c7d3ddb8) Importer(815301076,1909f56bfc062723c751e8b465ee728b)  -> (artifact id: '5a93bcf775843cfd5381f50219a0fc32') in 0.035466 seconds 
========================================================================
Received Import Request.
  Time since last request: 0.000038 seconds.
  path: Assets/External Assets/Wenrexa/1. Free Hologram Interface Wenrexa/1. Free Hologram Interface Wenrexa/Icons/11.png
  artifactKey: Guid(7e351a4d741507b4abe6cefc6ea898b7) Importer(815301076,1909f56bfc062723c751e8b465ee728b)
Start importing Assets/External Assets/Wenrexa/1. Free Hologram Interface Wenrexa/1. Free Hologram Interface Wenrexa/Icons/11.png using Guid(7e351a4d741507b4abe6cefc6ea898b7) Importer(815301076,1909f56bfc062723c751e8b465ee728b)  -> (artifact id: '213d34b7727b611c207014082a14633e') in 0.044658 seconds 
========================================================================
Received Import Request.
  Time since last request: 0.000038 seconds.
  path: Assets/External Assets/Wenrexa/1. Free Hologram Interface Wenrexa/1. Free Hologram Interface Wenrexa/Icons/12.png
  artifactKey: Guid(8a94916a3dd7f2444951c2c98bd07c4b) Importer(815301076,1909f56bfc062723c751e8b465ee728b)
Start importing Assets/External Assets/Wenrexa/1. Free Hologram Interface Wenrexa/1. Free Hologram Interface Wenrexa/Icons/12.png using Guid(8a94916a3dd7f2444951c2c98bd07c4b) Importer(815301076,1909f56bfc062723c751e8b465ee728b)  -> (artifact id: 'f122562f9169a6d3e4e7985d95fd659b') in 0.046244 seconds 
========================================================================
Received Import Request.
  Time since last request: 0.071824 seconds.
  path: Assets/External Assets/Wenrexa/1. Free Hologram Interface Wenrexa/1. Free Hologram Interface Wenrexa/Icons/01.png
  artifactKey: Guid(bdc64e5329fdb8d429eee2db27c2f040) Importer(815301076,1909f56bfc062723c751e8b465ee728b)
Start importing Assets/External Assets/Wenrexa/1. Free Hologram Interface Wenrexa/1. Free Hologram Interface Wenrexa/Icons/01.png using Guid(bdc64e5329fdb8d429eee2db27c2f040) Importer(815301076,1909f56bfc062723c751e8b465ee728b)  -> (artifact id: '86f8a80d80efc745082eaff80e71b737') in 0.024949 seconds 
========================================================================
Received Import Request.
  Time since last request: 0.000033 seconds.
  path: Assets/External Assets/Wenrexa/1. Free Hologram Interface Wenrexa/1. Free Hologram Interface Wenrexa/Icons/05.png
  artifactKey: Guid(0a755d6028259984ba9023ffc0b92471) Importer(815301076,1909f56bfc062723c751e8b465ee728b)
Start importing Assets/External Assets/Wenrexa/1. Free Hologram Interface Wenrexa/1. Free Hologram Interface Wenrexa/Icons/05.png using Guid(0a755d6028259984ba9023ffc0b92471) Importer(815301076,1909f56bfc062723c751e8b465ee728b)  -> (artifact id: '86591d9ba0dd475cb29d700fdc75d9cf') in 0.039967 seconds 
========================================================================
Received Import Request.
  Time since last request: 0.000039 seconds.
  path: Assets/External Assets/Wenrexa/1. Free Hologram Interface Wenrexa/1. Free Hologram Interface Wenrexa/Icons/04.png
  artifactKey: Guid(903149487761c0b4698eba9795b07919) Importer(815301076,1909f56bfc062723c751e8b465ee728b)
Start importing Assets/External Assets/Wenrexa/1. Free Hologram Interface Wenrexa/1. Free Hologram Interface Wenrexa/Icons/04.png using Guid(903149487761c0b4698eba9795b07919) Importer(815301076,1909f56bfc062723c751e8b465ee728b)  -> (artifact id: 'ae49ad46a7654c42f61797df99f4889c') in 0.048805 seconds 
========================================================================
Received Import Request.
  Time since last request: 493.816140 seconds.
  path: Assets/Prefabs/TextButtonPrefab.prefab
  artifactKey: Guid(d7df8834fbee0264389e7934c3882a17) Importer(815301076,1909f56bfc062723c751e8b465ee728b)
Start importing Assets/Prefabs/TextButtonPrefab.prefab using Guid(d7df8834fbee0264389e7934c3882a17) Importer(815301076,1909f56bfc062723c751e8b465ee728b)  -> (artifact id: '4b711626d7c004b1d2cfb1a7f2dd55f5') in 0.043736 seconds 
========================================================================
Received Import Request.
  Time since last request: 19.922370 seconds.
  path: Assets/Prefabs/TextButtonPrefab.prefab
  artifactKey: Guid(d7df8834fbee0264389e7934c3882a17) Importer(815301076,1909f56bfc062723c751e8b465ee728b)
Start importing Assets/Prefabs/TextButtonPrefab.prefab using Guid(d7df8834fbee0264389e7934c3882a17) Importer(815301076,1909f56bfc062723c751e8b465ee728b)  -> (artifact id: 'b6e735f5d5718e28a7381780552475d3') in 0.044708 seconds 
========================================================================
Received Import Request.
  Time since last request: 3.618287 seconds.
  path: Assets/Prefabs/TextButtonPrefab.prefab
  artifactKey: Guid(d7df8834fbee0264389e7934c3882a17) Importer(815301076,1909f56bfc062723c751e8b465ee728b)
Start importing Assets/Prefabs/TextButtonPrefab.prefab using Guid(d7df8834fbee0264389e7934c3882a17) Importer(815301076,1909f56bfc062723c751e8b465ee728b)  -> (artifact id: '9df55b6e62cc7370aed7b252ef682874') in 0.043233 seconds 
========================================================================
Received Import Request.
  Time since last request: 360.614819 seconds.
  path: Assets/Prefabs/TitleInputFieldPrefab.prefab
  artifactKey: Guid(4eeb1662b46209a46939c46485b8f1f5) Importer(815301076,1909f56bfc062723c751e8b465ee728b)
Start importing Assets/Prefabs/TitleInputFieldPrefab.prefab using Guid(4eeb1662b46209a46939c46485b8f1f5) Importer(815301076,1909f56bfc062723c751e8b465ee728b)  -> (artifact id: 'f1abc6985019aab93b57ca0c86ef4249') in 0.045266 seconds 
========================================================================
Received Import Request.
  Time since last request: 4.875852 seconds.
  path: Assets/Prefabs/TitleInputFieldPrefab.prefab
  artifactKey: Guid(4eeb1662b46209a46939c46485b8f1f5) Importer(815301076,1909f56bfc062723c751e8b465ee728b)
Start importing Assets/Prefabs/TitleInputFieldPrefab.prefab using Guid(4eeb1662b46209a46939c46485b8f1f5) Importer(815301076,1909f56bfc062723c751e8b465ee728b)  -> (artifact id: 'a36cbb192a4cbd2d2764e5a444d2602f') in 0.048825 seconds 
========================================================================
Received Import Request.
  Time since last request: 7.138712 seconds.
  path: Assets/Prefabs/TitleInputFieldPrefab.prefab
  artifactKey: Guid(4eeb1662b46209a46939c46485b8f1f5) Importer(815301076,1909f56bfc062723c751e8b465ee728b)
Start importing Assets/Prefabs/TitleInputFieldPrefab.prefab using Guid(4eeb1662b46209a46939c46485b8f1f5) Importer(815301076,1909f56bfc062723c751e8b465ee728b)  -> (artifact id: '987b71966f92b964c27f932c063f24b4') in 0.043007 seconds 
========================================================================
Received Import Request.
  Time since last request: 34.649972 seconds.
  path: Assets/Prefabs/TitleInputFieldPrefab.prefab
  artifactKey: Guid(4eeb1662b46209a46939c46485b8f1f5) Importer(815301076,1909f56bfc062723c751e8b465ee728b)
Start importing Assets/Prefabs/TitleInputFieldPrefab.prefab using Guid(4eeb1662b46209a46939c46485b8f1f5) Importer(815301076,1909f56bfc062723c751e8b465ee728b)  -> (artifact id: '4e3f192198200303469330376e83bae8') in 0.040305 seconds 
========================================================================
Received Import Request.
  Time since last request: 64.073057 seconds.
  path: Assets/Prefabs/TitleInputFieldPrefab.prefab
  artifactKey: Guid(4eeb1662b46209a46939c46485b8f1f5) Importer(815301076,1909f56bfc062723c751e8b465ee728b)
Start importing Assets/Prefabs/TitleInputFieldPrefab.prefab using Guid(4eeb1662b46209a46939c46485b8f1f5) Importer(815301076,1909f56bfc062723c751e8b465ee728b)  -> (artifact id: 'e7b82750107d8ccff8d7cfbe49204058') in 0.042473 seconds 
========================================================================
Received Import Request.
  Time since last request: 44.486314 seconds.
  path: Assets/Prefabs/LabelTallyHalfSizePrefab.prefab
  artifactKey: Guid(b9dfe5568934eeb459a63af223615da6) Importer(815301076,1909f56bfc062723c751e8b465ee728b)
Start importing Assets/Prefabs/LabelTallyHalfSizePrefab.prefab using Guid(b9dfe5568934eeb459a63af223615da6) Importer(815301076,1909f56bfc062723c751e8b465ee728b)  -> (artifact id: '54b4322b45024ff27082bfb1ed156576') in 0.045187 seconds 
========================================================================
Received Import Request.
  Time since last request: 5.993350 seconds.
  path: Assets/Prefabs/LabelTallyHalfSizePrefab.prefab
  artifactKey: Guid(b9dfe5568934eeb459a63af223615da6) Importer(815301076,1909f56bfc062723c751e8b465ee728b)
Start importing Assets/Prefabs/LabelTallyHalfSizePrefab.prefab using Guid(b9dfe5568934eeb459a63af223615da6) Importer(815301076,1909f56bfc062723c751e8b465ee728b)  -> (artifact id: '46d2d6b5f997ad68fb26825f9796f353') in 0.045893 seconds 
========================================================================
Received Import Request.
  Time since last request: 49.765686 seconds.
  path: Assets/Prefabs/TextButtonPrefab.prefab
  artifactKey: Guid(d7df8834fbee0264389e7934c3882a17) Importer(815301076,1909f56bfc062723c751e8b465ee728b)
Start importing Assets/Prefabs/TextButtonPrefab.prefab using Guid(d7df8834fbee0264389e7934c3882a17) Importer(815301076,1909f56bfc062723c751e8b465ee728b)  -> (artifact id: 'd269f9a5eb704d5e41216b7af37c62ee') in 0.043675 seconds 
========================================================================
Received Import Request.
  Time since last request: 960.895936 seconds.
  path: Assets/Prefabs/TitleInputFieldPrefab.prefab
  artifactKey: Guid(4eeb1662b46209a46939c46485b8f1f5) Importer(815301076,1909f56bfc062723c751e8b465ee728b)
Start importing Assets/Prefabs/TitleInputFieldPrefab.prefab using Guid(4eeb1662b46209a46939c46485b8f1f5) Importer(815301076,1909f56bfc062723c751e8b465ee728b)  -> (artifact id: 'cc6aa7737c00d3be62f7db362948371e') in 0.041519 seconds 
========================================================================
Received Import Request.
  Time since last request: 56.695913 seconds.
  path: Assets/Prefabs/TitleInputFieldPrefab.prefab
  artifactKey: Guid(4eeb1662b46209a46939c46485b8f1f5) Importer(815301076,1909f56bfc062723c751e8b465ee728b)
Start importing Assets/Prefabs/TitleInputFieldPrefab.prefab using Guid(4eeb1662b46209a46939c46485b8f1f5) Importer(815301076,1909f56bfc062723c751e8b465ee728b)  -> (artifact id: 'db758ef6b038f9d6c1ea7138fc321b14') in 0.041619 seconds 
========================================================================
Received Import Request.
  Time since last request: 21.760706 seconds.
  path: Assets/Prefabs/LabelTallyHalfSizePrefab.prefab
  artifactKey: Guid(b9dfe5568934eeb459a63af223615da6) Importer(815301076,1909f56bfc062723c751e8b465ee728b)
Start importing Assets/Prefabs/LabelTallyHalfSizePrefab.prefab using Guid(b9dfe5568934eeb459a63af223615da6) Importer(815301076,1909f56bfc062723c751e8b465ee728b)  -> (artifact id: 'ec5ebcebee87285568a873a5bf89773c') in 0.046478 seconds 
========================================================================
Received Import Request.
  Time since last request: 31.730929 seconds.
  path: Assets/Prefabs/TextButtonPrefab.prefab
  artifactKey: Guid(d7df8834fbee0264389e7934c3882a17) Importer(815301076,1909f56bfc062723c751e8b465ee728b)
Start importing Assets/Prefabs/TextButtonPrefab.prefab using Guid(d7df8834fbee0264389e7934c3882a17) Importer(815301076,1909f56bfc062723c751e8b465ee728b)  -> (artifact id: '98d49c1bd84c1fe2c6a84404153836aa') in 0.044817 seconds 
========================================================================
Received Import Request.
  Time since last request: 3.390523 seconds.
  path: Assets/Prefabs/TextButtonPrefab.prefab
  artifactKey: Guid(d7df8834fbee0264389e7934c3882a17) Importer(815301076,1909f56bfc062723c751e8b465ee728b)
Start importing Assets/Prefabs/TextButtonPrefab.prefab using Guid(d7df8834fbee0264389e7934c3882a17) Importer(815301076,1909f56bfc062723c751e8b465ee728b)  -> (artifact id: 'cd722db236a01f5fed3f4ba9e45f5b02') in 0.047472 seconds 
========================================================================
Received Import Request.
  Time since last request: 12.970366 seconds.
  path: Assets/Prefabs/TextButtonPrefab.prefab
  artifactKey: Guid(d7df8834fbee0264389e7934c3882a17) Importer(815301076,1909f56bfc062723c751e8b465ee728b)
Start importing Assets/Prefabs/TextButtonPrefab.prefab using Guid(d7df8834fbee0264389e7934c3882a17) Importer(815301076,1909f56bfc062723c751e8b465ee728b)  -> (artifact id: 'f5dd537b9309e4896311a7d9e410f1fd') in 0.041573 seconds 
========================================================================
Received Import Request.
  Time since last request: 243.703004 seconds.
  path: Assets/Prefabs/ButtonSmallPrefab.prefab
  artifactKey: Guid(1c8e88ae280326642852ef687fda5d09) Importer(815301076,1909f56bfc062723c751e8b465ee728b)
Start importing Assets/Prefabs/ButtonSmallPrefab.prefab using Guid(1c8e88ae280326642852ef687fda5d09) Importer(815301076,1909f56bfc062723c751e8b465ee728b)  -> (artifact id: 'b39b79927e67726f3b5a4fd3524a9841') in 0.013303 seconds 
========================================================================
Received Import Request.
  Time since last request: 0.010378 seconds.
  path: Assets/Prefabs/LabelTallyHalfSizePrefab.prefab
  artifactKey: Guid(b9dfe5568934eeb459a63af223615da6) Importer(815301076,1909f56bfc062723c751e8b465ee728b)
Start importing Assets/Prefabs/LabelTallyHalfSizePrefab.prefab using Guid(b9dfe5568934eeb459a63af223615da6) Importer(815301076,1909f56bfc062723c751e8b465ee728b)  -> (artifact id: 'cec5ee24ea2c8257a36ceeef956d0cab') in 0.046988 seconds 
